<?xml version="1.0" encoding="UTF-8"?>
<!-- Generated by org.testng.reporters.JUnitXMLReporter -->
<testsuite ignored="0" hostname="ROHIT-PC" failures="0" tests="3" name="CMS loan with guarantor" time="15.797"
           errors="0" timestamp="2025-03-17T15:19:43 IST">
    <testcase classname="CMSLoanTest.ApplyCMSLoanWithGuarantorTest" name="goToLoanPage" time="0.194"/>
    <testcase classname="CMSLoanTest.ApplyCMSLoanWithGuarantorTest" name="applyLoan" time="3.486"/>
    <testcase classname="CMSLoanTest.ApplyCMSLoanWithGuarantorTest" name="addGuarantor" time="4.497"/>
</testsuite> <!-- CMS loan with guarantor -->
