<?xml version="1.0" encoding="UTF-8"?>
<!-- Generated by org.testng.reporters.JUnitXMLReporter -->
<testsuite ignored="0" hostname="ROHIT-PC" failures="2" tests="3" name="CMS loan with guarantor" time="89.21" errors="0"
           timestamp="2025-03-20T11:57:12 IST">
    <testcase classname="CMSLoanTest.ApplyCMSLoanWithGuarantorTest" name="goToLoanPage" time="1.267"/>
    <testcase classname="CMSLoanTest.ApplyCMSLoanWithGuarantorTest" name="applyLoan" time="7.805">
        <failure type="org.openqa.selenium.UnhandledAlertException" message="unexpected alert open: {Alert text : {*} Eligibility Error: Applicant age must be between 18 and 57 years to qualify for a Wallet Advance.}
  (Session info: chrome=134.0.6998.89): {*} Eligibility Error: Applicant age must be between 18 and 57 years to qualify for a Wallet Advance.
Build info: version: &amp;apos;4.25.0&amp;apos;, revision: &amp;apos;8a8aea2337&amp;apos;
System info: os.name: &amp;apos;Windows 10&amp;apos;, os.arch: &amp;apos;amd64&amp;apos;, os.version: &amp;apos;10.0&amp;apos;, java.version: &amp;apos;22.0.1&amp;apos;
Driver info: org.openqa.selenium.chrome.ChromeDriver
Command: [43a6623e21f0e1ccb8f0aa7d6295ffc6, screenshot {}]
Capabilities {acceptInsecureCerts: false, browserName: chrome, browserVersion: 134.0.6998.89, chrome: {chromedriverVersion: 134.0.6998.90 (219ee74681fc..., userDataDir: C:\Users\ROHIT~1.MAT\AppDat...}, fedcm:accounts: true, goog:chromeOptions: {debuggerAddress: localhost:59838}, networkConnectionEnabled: false, pageLoadStrategy: normal, platformName: windows, proxy: Proxy(), se:cdp: ws://localhost:59838/devtoo..., se:cdpVersion: 134.0.6998.89, setWindowRect: true, strictFileInteractability: false, timeouts: {implicit: 0, pageLoad: 300000, script: 30000}, unhandledPromptBehavior: dismiss and notify, webauthn:extension:credBlob: true, webauthn:extension:largeBlob: true, webauthn:extension:minPinLength: true, webauthn:extension:prf: true, webauthn:virtualAuthenticators: true}
Session ID: 43a6623e21f0e1ccb8f0aa7d6295ffc6">
            <![CDATA[org.openqa.selenium.UnhandledAlertException: unexpected alert open: {Alert text : {*} Eligibility Error: Applicant age must be between 18 and 57 years to qualify for a Wallet Advance.}
  (Session info: chrome=134.0.6998.89): {*} Eligibility Error: Applicant age must be between 18 and 57 years to qualify for a Wallet Advance.
Build info: version: '4.25.0', revision: '8a8aea2337'
System info: os.name: 'Windows 10', os.arch: 'amd64', os.version: '10.0', java.version: '22.0.1'
Driver info: org.openqa.selenium.chrome.ChromeDriver
Command: [43a6623e21f0e1ccb8f0aa7d6295ffc6, screenshot {}]
Capabilities {acceptInsecureCerts: false, browserName: chrome, browserVersion: 134.0.6998.89, chrome: {chromedriverVersion: 134.0.6998.90 (219ee74681fc..., userDataDir: C:\Users\ROHIT~1.MAT\AppDat...}, fedcm:accounts: true, goog:chromeOptions: {debuggerAddress: localhost:59838}, networkConnectionEnabled: false, pageLoadStrategy: normal, platformName: windows, proxy: Proxy(), se:cdp: ws://localhost:59838/devtoo..., se:cdpVersion: 134.0.6998.89, setWindowRect: true, strictFileInteractability: false, timeouts: {implicit: 0, pageLoad: 300000, script: 30000}, unhandledPromptBehavior: dismiss and notify, webauthn:extension:credBlob: true, webauthn:extension:largeBlob: true, webauthn:extension:minPinLength: true, webauthn:extension:prf: true, webauthn:virtualAuthenticators: true}
Session ID: 43a6623e21f0e1ccb8f0aa7d6295ffc6
at org.openqa.selenium.remote.codec.w3c.W3CHttpResponseCodec.decode(W3CHttpResponseCodec.java:136)
at org.openqa.selenium.remote.codec.w3c.W3CHttpResponseCodec.decode(W3CHttpResponseCodec.java:50)
at org.openqa.selenium.remote.HttpCommandExecutor.execute(HttpCommandExecutor.java:190)
at org.openqa.selenium.remote.service.DriverCommandExecutor.invokeExecute(DriverCommandExecutor.java:216)
at org.openqa.selenium.remote.service.DriverCommandExecutor.execute(DriverCommandExecutor.java:174)
at org.openqa.selenium.remote.RemoteWebDriver.execute(RemoteWebDriver.java:545)
at org.openqa.selenium.remote.RemoteWebDriver.execute(RemoteWebDriver.java:618)
at org.openqa.selenium.remote.RemoteWebDriver.execute(RemoteWebDriver.java:622)
at org.openqa.selenium.remote.RemoteWebDriver.getScreenshotAs(RemoteWebDriver.java:334)
at Base.ChainTestListener.onTestFailure(ChainTestListener.java:216)
at java.base/java.util.ArrayList.forEach(ArrayList.java:1597)
at com.intellij.rt.testng.IDEARemoteTestNG.run(IDEARemoteTestNG.java:65)
at com.intellij.rt.testng.RemoteTestNGStarter.main(RemoteTestNGStarter.java:105)
... Removed 21 stack frames]]>
        </failure>
    </testcase> <!-- applyLoan -->
    <testcase classname="CMSLoanTest.ApplyCMSLoanWithGuarantorTest" name="addGuarantor" time="9.254">
        <failure type="org.openqa.selenium.UnhandledAlertException" message="unexpected alert open: {Alert text : {*} Eligibility Error: Applicant age must be between 18 and 57 years to qualify for a Wallet Advance.}
  (Session info: chrome=134.0.6998.89): {*} Eligibility Error: Applicant age must be between 18 and 57 years to qualify for a Wallet Advance.
Build info: version: &amp;apos;4.25.0&amp;apos;, revision: &amp;apos;8a8aea2337&amp;apos;
System info: os.name: &amp;apos;Windows 10&amp;apos;, os.arch: &amp;apos;amd64&amp;apos;, os.version: &amp;apos;10.0&amp;apos;, java.version: &amp;apos;22.0.1&amp;apos;
Driver info: org.openqa.selenium.chrome.ChromeDriver
Command: [43a6623e21f0e1ccb8f0aa7d6295ffc6, findElement {value=ctl00$ContentPlaceHolder1$txtLoanNo, using=name}]
Capabilities {acceptInsecureCerts: false, browserName: chrome, browserVersion: 134.0.6998.89, chrome: {chromedriverVersion: 134.0.6998.90 (219ee74681fc..., userDataDir: C:\Users\ROHIT~1.MAT\AppDat...}, fedcm:accounts: true, goog:chromeOptions: {debuggerAddress: localhost:59838}, networkConnectionEnabled: false, pageLoadStrategy: normal, platformName: windows, proxy: Proxy(), se:cdp: ws://localhost:59838/devtoo..., se:cdpVersion: 134.0.6998.89, setWindowRect: true, strictFileInteractability: false, timeouts: {implicit: 0, pageLoad: 300000, script: 30000}, unhandledPromptBehavior: dismiss and notify, webauthn:extension:credBlob: true, webauthn:extension:largeBlob: true, webauthn:extension:minPinLength: true, webauthn:extension:prf: true, webauthn:virtualAuthenticators: true}
Session ID: 43a6623e21f0e1ccb8f0aa7d6295ffc6">
            <![CDATA[org.openqa.selenium.UnhandledAlertException: unexpected alert open: {Alert text : {*} Eligibility Error: Applicant age must be between 18 and 57 years to qualify for a Wallet Advance.}
  (Session info: chrome=134.0.6998.89): {*} Eligibility Error: Applicant age must be between 18 and 57 years to qualify for a Wallet Advance.
Build info: version: '4.25.0', revision: '8a8aea2337'
System info: os.name: 'Windows 10', os.arch: 'amd64', os.version: '10.0', java.version: '22.0.1'
Driver info: org.openqa.selenium.chrome.ChromeDriver
Command: [43a6623e21f0e1ccb8f0aa7d6295ffc6, findElement {value=ctl00$ContentPlaceHolder1$txtLoanNo, using=name}]
Capabilities {acceptInsecureCerts: false, browserName: chrome, browserVersion: 134.0.6998.89, chrome: {chromedriverVersion: 134.0.6998.90 (219ee74681fc..., userDataDir: C:\Users\ROHIT~1.MAT\AppDat...}, fedcm:accounts: true, goog:chromeOptions: {debuggerAddress: localhost:59838}, networkConnectionEnabled: false, pageLoadStrategy: normal, platformName: windows, proxy: Proxy(), se:cdp: ws://localhost:59838/devtoo..., se:cdpVersion: 134.0.6998.89, setWindowRect: true, strictFileInteractability: false, timeouts: {implicit: 0, pageLoad: 300000, script: 30000}, unhandledPromptBehavior: dismiss and notify, webauthn:extension:credBlob: true, webauthn:extension:largeBlob: true, webauthn:extension:minPinLength: true, webauthn:extension:prf: true, webauthn:virtualAuthenticators: true}
Session ID: 43a6623e21f0e1ccb8f0aa7d6295ffc6
at org.openqa.selenium.remote.codec.w3c.W3CHttpResponseCodec.decode(W3CHttpResponseCodec.java:136)
at org.openqa.selenium.remote.codec.w3c.W3CHttpResponseCodec.decode(W3CHttpResponseCodec.java:50)
at org.openqa.selenium.remote.HttpCommandExecutor.execute(HttpCommandExecutor.java:190)
at org.openqa.selenium.remote.service.DriverCommandExecutor.invokeExecute(DriverCommandExecutor.java:216)
at org.openqa.selenium.remote.service.DriverCommandExecutor.execute(DriverCommandExecutor.java:174)
at org.openqa.selenium.remote.RemoteWebDriver.execute(RemoteWebDriver.java:545)
at org.openqa.selenium.remote.ElementLocation$ElementFinder$2.findElement(ElementLocation.java:165)
at org.openqa.selenium.remote.ElementLocation.findElement(ElementLocation.java:59)
at org.openqa.selenium.remote.RemoteWebDriver.findElement(RemoteWebDriver.java:368)
at org.openqa.selenium.remote.RemoteWebDriver.findElement(RemoteWebDriver.java:362)
at org.openqa.selenium.support.pagefactory.DefaultElementLocator.findElement(DefaultElementLocator.java:68)
at org.openqa.selenium.support.pagefactory.internal.LocatingElementHandler.invoke(LocatingElementHandler.java:38)
at jdk.proxy2/jdk.proxy2.$Proxy13.isDisplayed(Unknown Source)
at org.openqa.selenium.support.ui.ExpectedConditions.elementIfVisible(ExpectedConditions.java:304)
at org.openqa.selenium.support.ui.ExpectedConditions$10.apply(ExpectedConditions.java:290)
at org.openqa.selenium.support.ui.ExpectedConditions$10.apply(ExpectedConditions.java:287)
at org.openqa.selenium.support.ui.FluentWait.until(FluentWait.java:203)
at CMSLoan.CMSLoanResultPage.enterLoanNumber(CMSLoanResultPage.java:50)
at CMSLoanTest.ApplyCMSLoanWithGuarantorTest.addGuarantor(ApplyCMSLoanWithGuarantorTest.java:135)
at java.base/java.util.ArrayList.forEach(ArrayList.java:1597)
at com.intellij.rt.testng.IDEARemoteTestNG.run(IDEARemoteTestNG.java:65)
at com.intellij.rt.testng.RemoteTestNGStarter.main(RemoteTestNGStarter.java:105)
... Removed 22 stack frames]]>
        </failure>
    </testcase> <!-- addGuarantor -->
</testsuite> <!-- CMS loan with guarantor -->
