<?xml version="1.0" encoding="UTF-8"?>
<!-- Generated by org.testng.reporters.JUnitXMLReporter -->
<testsuite ignored="0" hostname="ROHIT-PC" failures="1" tests="1" name="Force fail" time="0.092" errors="0"
           timestamp="2025-04-10T16:03:00 IST">
    <testcase classname="ForceFailPackage.ForceFail" name="fail" time="0.016">
        <failure type="java.lang.AssertionError" message="The following asserts failed:
	the string is failed expected [hello] but found [force fail]">
            <![CDATA[java.lang.AssertionError: The following asserts failed:
the string is failed expected [hello] but found [force fail]
at ForceFailPackage.ForceFail.fail(ForceFail.java:15)
at java.base/java.util.ArrayList.forEach(ArrayList.java:1597)
at com.intellij.rt.testng.IDEARemoteTestNG.run(IDEARemoteTestNG.java:65)
at com.intellij.rt.testng.RemoteTestNGStarter.main(RemoteTestNGStarter.java:105)
... Removed 24 stack frames]]>
        </failure>
    </testcase> <!-- fail -->
</testsuite> <!-- Force fail -->
