<?xml version="1.0" encoding="UTF-8"?>
<!-- Generated by org.testng.reporters.JUnitXMLReporter -->
<testsuite ignored="0" hostname="ROHIT-PC" failures="0" tests="2" name="Long Term loan with guarantor" time="18.135"
           errors="0" timestamp="2025-03-17T15:19:28 IST">
    <testcase classname="LongTermLoanTest.ApplyLongTermWithGuarantorTest" name="addlongtermloan" time="6.133"/>
    <testcase classname="LongTermLoanTest.ApplyLongTermWithGuarantorTest" name="addGuarantor" time="5.036"/>
</testsuite> <!-- Long Term loan with guarantor -->
