<?xml version="1.0" encoding="UTF-8"?>
<!-- Generated by org.testng.reporters.JUnitXMLReporter -->
<testsuite ignored="0" hostname="ROHIT-PC" failures="0" tests="2" name="Long Term loan with guarantor" time="19.431"
           errors="0" timestamp="2025-03-20T12:20:53 IST">
    <testcase classname="LongTermLoanTest.ApplyLongTermWithGuarantorTest" name="addlongtermloan" time="5.809"/>
    <testcase classname="LongTermLoanTest.ApplyLongTermWithGuarantorTest" name="addGuarantor" time="5.239"/>
</testsuite> <!-- Long Term loan with guarantor -->
