<?xml version="1.0" encoding="UTF-8"?>
<!-- Generated by org.testng.reporters.JUnitXMLReporter -->
<testsuite ignored="0" hostname="ROHIT-PC" failures="0" tests="2" name="Other Product Loan with guarantor" time="19.045"
           errors="0" timestamp="2025-03-20T11:57:31 IST">
    <testcase classname="OtherProductLoanTest.ApplyOtherProductWithGuarantorTest" name="addlongtermloan" time="5.731"/>
    <testcase classname="OtherProductLoanTest.ApplyOtherProductWithGuarantorTest" name="addGuarantor" time="4.961"/>
</testsuite> <!-- Other Product Loan with guarantor -->
