<?xml version="1.0" encoding="UTF-8"?>
<!-- Generated by org.testng.reporters.JUnitXMLReporter -->
<testsuite ignored="0" hostname="ROHIT-PC" failures="0" tests="2" name="Other Product Loan with guarantor" time="16.588"
           errors="0" timestamp="2025-03-17T17:42:39 IST">
    <testcase classname="OtherProductLoanTest.ApplyOtherProductWithGuarantorTest" name="addlongtermloan" time="5.245"/>
    <testcase classname="OtherProductLoanTest.ApplyOtherProductWithGuarantorTest" name="addGuarantor" time="4.864"/>
</testsuite> <!-- Other Product Loan with guarantor -->
