<?xml version="1.0" encoding="UTF-8"?>
<!-- Generated by org.testng.reporters.JUnitXMLReporter -->
<testsuite ignored="0" hostname="ROHIT-PC" failures="0" tests="3" name="Short Term Loan" time="16.816" errors="0"
           timestamp="2025-03-17T15:20:17 IST">
    <testcase classname="ShortTermLoanTest.ApplyShortTermLoanWithGuarantorTest" name="goToLoanPage" time="0.619"/>
    <testcase classname="ShortTermLoanTest.ApplyShortTermLoanWithGuarantorTest" name="applyLoan" time="4.432"/>
    <testcase classname="ShortTermLoanTest.ApplyShortTermLoanWithGuarantorTest" name="addGuarantor" time="5.096"/>
</testsuite> <!-- Short Term Loan -->
