<?xml version="1.0" encoding="UTF-8"?>
<!-- Generated by org.testng.reporters.JUnitXMLReporter -->
<testsuite ignored="0" hostname="ROHIT-PC" failures="0" tests="3" name="Short Term Loan" time="16.393" errors="0"
           timestamp="2025-03-17T14:22:49 IST">
    <testcase classname="ShortTermLoanTest.ApplyShortTermLoanWithGuarantorTest" name="goToLoanPage" time="0.565"/>
    <testcase classname="ShortTermLoanTest.ApplyShortTermLoanWithGuarantorTest" name="applyLoan" time="4.188"/>
    <testcase classname="ShortTermLoanTest.ApplyShortTermLoanWithGuarantorTest" name="addGuarantor" time="4.73"/>
</testsuite> <!-- Short Term Loan -->
