<?xml version="1.0" encoding="UTF-8"?>
<!-- Generated by org.testng.reporters.JUnitXMLReporter -->
<testsuite ignored="0" hostname="ROHIT-PC" failures="0" tests="2" name="Weekend Loan Apply with guarantor" time="19.504"
           errors="0" timestamp="2025-03-17T17:41:49 IST">
    <testcase classname="WeekendLoanTest.ApplyWeekendLoanWithGuarantorTest" name="goToLoanPage" time="0.179"/>
    <testcase classname="WeekendLoanTest.ApplyWeekendLoanWithGuarantorTest" name="applyLoan" time="9.032"/>
</testsuite> <!-- Weekend Loan Apply with guarantor -->
