<?xml version="1.0" encoding="UTF-8"?>
<!-- Generated by org.testng.reporters.JUnitXMLReporter -->
<testsuite ignored="0" hostname="ROHIT-PC" failures="0" tests="2" name="Weekend Loan Apply with guarantor" time="23.524"
           errors="0" timestamp="2025-03-20T11:55:23 IST">
    <testcase classname="WeekendLoanTest.ApplyWeekendLoanWithGuarantorTest" name="goToLoanPage" time="0.202"/>
    <testcase classname="WeekendLoanTest.ApplyWeekendLoanWithGuarantorTest" name="applyLoan" time="9.85"/>
</testsuite> <!-- Weekend Loan Apply with guarantor -->
