<?xml version="1.0" encoding="UTF-8"?>
<!-- Generated by org.testng.reporters.JUnitXMLReporter -->
<testsuite ignored="0" hostname="ROHIT-PC" failures="0" tests="2" name="Weekend loan apply by user" time="19.01" errors="0" timestamp="2025-02-27T16:04:34 IST">
  <testcase classname="WeekendLoanTest.ApplyWeekendLoanWithGuarantorTest" name="goToLoanPage" time="0.174"/>
  <testcase classname="WeekendLoanTest.ApplyWeekendLoanWithGuarantorTest" name="applyLoan" time="4.672"/>
</testsuite> <!-- Weekend loan apply by user -->
