<?xml version="1.0" encoding="UTF-8"?>
<!-- Generated by org.testng.reporters.JUnitXMLReporter -->
<testsuite ignored="0" hostname="ROHIT-PC" failures="0" tests="2" name="Weekend loan apply by user with guarantor"
           time="99.033" errors="0" timestamp="2025-03-05T10:57:21 IST">
    <testcase classname="WeekendLoanTest.ApplyWeekendLoanWithGuarantorTest" name="goToLoanPage" time="0.169"/>
    <testcase classname="WeekendLoanTest.ApplyWeekendLoanWithGuarantorTest" name="applyLoan" time="15.327"/>
</testsuite> <!-- Weekend loan apply by user with guarantor -->
