<?xml version="1.0" encoding="UTF-8"?>
<!-- Generated by org.testng.reporters.JUnitXMLReporter -->
<testsuite ignored="0" hostname="ROHIT-PC" failures="0" tests="6"
           name="Short Term Loan Apply and approve with guarantor" time="229.82" errors="0"
           timestamp="2025-03-21T17:18:37 IST">
    <testcase classname="ShortTermLoanTest.ApplyShortTermLoanWithGuarantorTest" name="goToLoanPage" time="1.099"/>
    <testcase classname="ShortTermLoanTest.ApplyShortTermLoanWithGuarantorTest" name="applyLoan" time="5.922"/>
    <testcase classname="ShortTermLoanTest.ApplyShortTermLoanWithGuarantorTest" name="addGuarantor" time="5.432"/>
    <testcase classname="ShortTermLoanTest.LoanGuarantorPendingToEAgreementSignedDueTest"
              name="changeGuarantorStatusToEAgreementSignedDue" time="4.07"/>
    <testcase classname="ShortTermLoanTest.LoanGuarantorPendingToEAgreementSignedDueTest"
              name="changeLoanStatusToEAgreementSignedDue" time="4.471"/>
    <testcase classname="ShortTermLoanTest.ApproveShortTermLoanAdminTest" name="openLoan" time="65.005"/>
</testsuite> <!-- Short Term Loan Apply and approve with guarantor -->
