<?xml version="1.0" encoding="UTF-8"?>
<!-- Generated by org.testng.reporters.JUnitXMLReporter -->
<testsuite ignored="0" hostname="ROHIT-PC" failures="1" tests="5" name="Weekend Loan Apply and approve with guarantor"
           time="233.489" errors="0" timestamp="2025-03-21T17:14:48 IST">
    <testcase classname="WeekendLoanTest.ApplyWeekendLoanWithGuarantorTest" name="goToLoanPage" time="0.143"/>
    <testcase classname="WeekendLoanTest.ApplyWeekendLoanWithGuarantorTest" name="applyLoan" time="10.444"/>
    <testcase classname="WeekendLoanTest.LoanGuarantorPendingToEAgreementSignedDueTest"
              name="changeGuarantorStatusToEAgreementSignedDue" time="4.896"/>
    <testcase classname="WeekendLoanTest.LoanGuarantorPendingToEAgreementSignedDueTest"
              name="changeLoanStatusToEAgreementSignedDue" time="3.423"/>
    <testcase classname="WeekendLoanTest.ApproveWeekendLoanAdminTest" name="openLoan" time="63.575">
        <failure type="org.openqa.selenium.TimeoutException" message="timeout: Timed out receiving message from renderer: 60.000
  (Session info: chrome=134.0.6998.118)
Build info: version: &amp;apos;4.25.0&amp;apos;, revision: &amp;apos;8a8aea2337&amp;apos;
System info: os.name: &amp;apos;Windows 10&amp;apos;, os.arch: &amp;apos;amd64&amp;apos;, os.version: &amp;apos;10.0&amp;apos;, java.version: &amp;apos;22.0.1&amp;apos;
Driver info: org.openqa.selenium.chrome.ChromeDriver
Command: [7ba2b4c53880d1c708b2b49bea64efbe, clickElement {id=f.8F559B8EB4153B78D4384B778C88A1BD.d.2C056A07910B11453C1390F54AA595F9.e.410}]
Capabilities {acceptInsecureCerts: false, browserName: chrome, browserVersion: 134.0.6998.118, chrome: {chromedriverVersion: 134.0.6998.90 (219ee74681fc..., userDataDir: C:\Users\ROHIT~1.MAT\AppDat...}, fedcm:accounts: true, goog:chromeOptions: {debuggerAddress: localhost:50207}, networkConnectionEnabled: false, pageLoadStrategy: normal, platformName: windows, proxy: Proxy(), se:cdp: ws://localhost:50207/devtoo..., se:cdpVersion: 134.0.6998.118, setWindowRect: true, strictFileInteractability: false, timeouts: {implicit: 0, pageLoad: 300000, script: 30000}, unhandledPromptBehavior: dismiss and notify, webauthn:extension:credBlob: true, webauthn:extension:largeBlob: true, webauthn:extension:minPinLength: true, webauthn:extension:prf: true, webauthn:virtualAuthenticators: true}
Element: [[ChromeDriver: chrome on windows (7ba2b4c53880d1c708b2b49bea64efbe)] -&amp;gt; name: ctl00$ContentPlaceHolder1$btnSave]
Session ID: 7ba2b4c53880d1c708b2b49bea64efbe">
            <![CDATA[org.openqa.selenium.TimeoutException: timeout: Timed out receiving message from renderer: 60.000
  (Session info: chrome=134.0.6998.118)
Build info: version: '4.25.0', revision: '8a8aea2337'
System info: os.name: 'Windows 10', os.arch: 'amd64', os.version: '10.0', java.version: '22.0.1'
Driver info: org.openqa.selenium.chrome.ChromeDriver
Command: [7ba2b4c53880d1c708b2b49bea64efbe, clickElement {id=f.8F559B8EB4153B78D4384B778C88A1BD.d.2C056A07910B11453C1390F54AA595F9.e.410}]
Capabilities {acceptInsecureCerts: false, browserName: chrome, browserVersion: 134.0.6998.118, chrome: {chromedriverVersion: 134.0.6998.90 (219ee74681fc..., userDataDir: C:\Users\ROHIT~1.MAT\AppDat...}, fedcm:accounts: true, goog:chromeOptions: {debuggerAddress: localhost:50207}, networkConnectionEnabled: false, pageLoadStrategy: normal, platformName: windows, proxy: Proxy(), se:cdp: ws://localhost:50207/devtoo..., se:cdpVersion: 134.0.6998.118, setWindowRect: true, strictFileInteractability: false, timeouts: {implicit: 0, pageLoad: 300000, script: 30000}, unhandledPromptBehavior: dismiss and notify, webauthn:extension:credBlob: true, webauthn:extension:largeBlob: true, webauthn:extension:minPinLength: true, webauthn:extension:prf: true, webauthn:virtualAuthenticators: true}
Element: [[ChromeDriver: chrome on windows (7ba2b4c53880d1c708b2b49bea64efbe)] -> name: ctl00$ContentPlaceHolder1$btnSave]
Session ID: 7ba2b4c53880d1c708b2b49bea64efbe
at org.openqa.selenium.remote.ErrorCodec.decode(ErrorCodec.java:167)
at org.openqa.selenium.remote.codec.w3c.W3CHttpResponseCodec.decode(W3CHttpResponseCodec.java:138)
at org.openqa.selenium.remote.codec.w3c.W3CHttpResponseCodec.decode(W3CHttpResponseCodec.java:50)
at org.openqa.selenium.remote.HttpCommandExecutor.execute(HttpCommandExecutor.java:190)
at org.openqa.selenium.remote.service.DriverCommandExecutor.invokeExecute(DriverCommandExecutor.java:216)
at org.openqa.selenium.remote.service.DriverCommandExecutor.execute(DriverCommandExecutor.java:174)
at org.openqa.selenium.remote.RemoteWebDriver.execute(RemoteWebDriver.java:545)
at org.openqa.selenium.remote.RemoteWebElement.execute(RemoteWebElement.java:223)
at org.openqa.selenium.remote.RemoteWebElement.click(RemoteWebElement.java:76)
at org.openqa.selenium.support.pagefactory.internal.LocatingElementHandler.invoke(LocatingElementHandler.java:51)
at jdk.proxy2/jdk.proxy2.$Proxy13.click(Unknown Source)
at WeekendLoan.AddWeekendLoanPage.clickSaveButton(AddWeekendLoanPage.java:151)
at WeekendLoanTest.ApproveWeekendLoanAdminTest.openLoan(ApproveWeekendLoanAdminTest.java:85)
at java.base/java.util.ArrayList.forEach(ArrayList.java:1597)
at com.intellij.rt.testng.IDEARemoteTestNG.run(IDEARemoteTestNG.java:65)
at com.intellij.rt.testng.RemoteTestNGStarter.main(RemoteTestNGStarter.java:105)
... Removed 27 stack frames]]>
        </failure>
    </testcase> <!-- openLoan -->
</testsuite> <!-- Weekend Loan Apply and approve with guarantor -->
