<?xml version="1.0" encoding="UTF-8"?>
<testng-results ignored="0" total="1" passed="1" failed="0" skipped="0">
  <reporter-output>
  </reporter-output>
    <suite started-at="2025-04-10T14:52:42 IST" name="Force Test Pass" finished-at="2025-04-10T14:52:42 IST"
           duration-ms="53">
    <groups>
    </groups>
        <test started-at="2025-04-10T14:52:42 IST" name="force pass test" finished-at="2025-04-10T14:52:42 IST"
              duration-ms="53">
            <class name="ForcePassPackage.ForcePass">
                <test-method signature="pass()[pri:0, instance:ForcePassPackage.ForcePass@72f926e6]"
                             started-at="2025-04-10T14:52:42 IST" name="pass" finished-at="2025-04-10T14:52:42 IST"
                             duration-ms="16" status="PASS">
                    <reporter-output>
                    </reporter-output>
                </test-method> <!-- pass -->
            </class> <!-- ForcePassPackage.ForcePass -->
        </test> <!-- force pass test -->
    </suite> <!-- Force Test Pass -->
</testng-results>
