<?xml version="1.0" encoding="UTF-8"?>
<testng-results ignored="0" total="27" passed="23" failed="4" skipped="0">
  <reporter-output>
  </reporter-output>
    <suite started-at="2025-03-21T17:10:54 IST" name="Apply and Approve All Loan" finished-at="2025-03-21T17:30:00 IST"
           duration-ms="1146365">
    <groups>
    </groups>
        <test started-at="2025-03-21T17:10:54 IST" name="Weekend Loan Apply and approve with guarantor"
              finished-at="2025-03-21T17:14:48 IST" duration-ms="233489">
      <class name="WeekendLoanTest.ApplyWeekendLoanWithGuarantorTest">
          <test-method is-config="true"
                       signature="setup()[pri:0, instance:WeekendLoanTest.ApplyWeekendLoanWithGuarantorTest@7334aada]"
                       started-at="2025-03-21T17:10:54 IST" name="setup" finished-at="2025-03-21T17:11:08 IST"
                       duration-ms="13832" status="PASS">
          <reporter-output>
          </reporter-output>
        </test-method> <!-- setup -->
          <test-method
                  signature="goToLoanPage()[pri:1, instance:WeekendLoanTest.ApplyWeekendLoanWithGuarantorTest@7334aada]"
                  started-at="2025-03-21T17:11:08 IST" name="goToLoanPage" finished-at="2025-03-21T17:11:08 IST"
                  duration-ms="143" status="PASS">
          <reporter-output>
          </reporter-output>
        </test-method> <!-- goToLoanPage -->
          <test-method
                  signature="applyLoan()[pri:2, instance:WeekendLoanTest.ApplyWeekendLoanWithGuarantorTest@7334aada]"
                  started-at="2025-03-21T17:11:08 IST" name="applyLoan" finished-at="2025-03-21T17:11:19 IST"
                  duration-ms="10444" status="PASS">
          <reporter-output>
          </reporter-output>
        </test-method> <!-- applyLoan -->
          <test-method is-config="true"
                       signature="quit()[pri:0, instance:WeekendLoanTest.ApplyWeekendLoanWithGuarantorTest@7334aada]"
                       started-at="2025-03-21T17:11:19 IST" name="quit" finished-at="2025-03-21T17:11:19 IST"
                       duration-ms="263" status="PASS">
              <reporter-output>
              </reporter-output>
          </test-method> <!-- quit -->
      </class> <!-- WeekendLoanTest.ApplyWeekendLoanWithGuarantorTest -->
            <class name="WeekendLoanTest.ApproveWeekendLoanAdminTest">
                <test-method is-config="true"
                             signature="setup()[pri:0, instance:WeekendLoanTest.ApproveWeekendLoanAdminTest@62150f9e]"
                             started-at="2025-03-21T17:12:36 IST" name="setup" finished-at="2025-03-21T17:13:44 IST"
                             duration-ms="67127" status="PASS">
                    <reporter-output>
                    </reporter-output>
                </test-method> <!-- setup -->
                <test-method
                        signature="openLoan()[pri:1, instance:WeekendLoanTest.ApproveWeekendLoanAdminTest@62150f9e]"
                        started-at="2025-03-21T17:13:44 IST" name="openLoan" finished-at="2025-03-21T17:14:47 IST"
                        duration-ms="63575" status="FAIL">
                    <exception class="org.openqa.selenium.TimeoutException">
                        <message>
                            <![CDATA[timeout: Timed out receiving message from renderer: 60.000
  (Session info: chrome=134.0.6998.118)
Build info: version: '4.25.0', revision: '8a8aea2337'
System info: os.name: 'Windows 10', os.arch: 'amd64', os.version: '10.0', java.version: '22.0.1'
Driver info: org.openqa.selenium.chrome.ChromeDriver
Command: [7ba2b4c53880d1c708b2b49bea64efbe, clickElement {id=f.8F559B8EB4153B78D4384B778C88A1BD.d.2C056A07910B11453C1390F54AA595F9.e.410}]
Capabilities {acceptInsecureCerts: false, browserName: chrome, browserVersion: 134.0.6998.118, chrome: {chromedriverVersion: 134.0.6998.90 (219ee74681fc..., userDataDir: C:\Users\ROHIT~1.MAT\AppDat...}, fedcm:accounts: true, goog:chromeOptions: {debuggerAddress: localhost:50207}, networkConnectionEnabled: false, pageLoadStrategy: normal, platformName: windows, proxy: Proxy(), se:cdp: ws://localhost:50207/devtoo..., se:cdpVersion: 134.0.6998.118, setWindowRect: true, strictFileInteractability: false, timeouts: {implicit: 0, pageLoad: 300000, script: 30000}, unhandledPromptBehavior: dismiss and notify, webauthn:extension:credBlob: true, webauthn:extension:largeBlob: true, webauthn:extension:minPinLength: true, webauthn:extension:prf: true, webauthn:virtualAuthenticators: true}
Element: [[ChromeDriver: chrome on windows (7ba2b4c53880d1c708b2b49bea64efbe)] -> name: ctl00$ContentPlaceHolder1$btnSave]
Session ID: 7ba2b4c53880d1c708b2b49bea64efbe]]>
                        </message>
                        <full-stacktrace>
                            <![CDATA[org.openqa.selenium.TimeoutException: timeout: Timed out receiving message from renderer: 60.000
  (Session info: chrome=134.0.6998.118)
Build info: version: '4.25.0', revision: '8a8aea2337'
System info: os.name: 'Windows 10', os.arch: 'amd64', os.version: '10.0', java.version: '22.0.1'
Driver info: org.openqa.selenium.chrome.ChromeDriver
Command: [7ba2b4c53880d1c708b2b49bea64efbe, clickElement {id=f.8F559B8EB4153B78D4384B778C88A1BD.d.2C056A07910B11453C1390F54AA595F9.e.410}]
Capabilities {acceptInsecureCerts: false, browserName: chrome, browserVersion: 134.0.6998.118, chrome: {chromedriverVersion: 134.0.6998.90 (219ee74681fc..., userDataDir: C:\Users\ROHIT~1.MAT\AppDat...}, fedcm:accounts: true, goog:chromeOptions: {debuggerAddress: localhost:50207}, networkConnectionEnabled: false, pageLoadStrategy: normal, platformName: windows, proxy: Proxy(), se:cdp: ws://localhost:50207/devtoo..., se:cdpVersion: 134.0.6998.118, setWindowRect: true, strictFileInteractability: false, timeouts: {implicit: 0, pageLoad: 300000, script: 30000}, unhandledPromptBehavior: dismiss and notify, webauthn:extension:credBlob: true, webauthn:extension:largeBlob: true, webauthn:extension:minPinLength: true, webauthn:extension:prf: true, webauthn:virtualAuthenticators: true}
Element: [[ChromeDriver: chrome on windows (7ba2b4c53880d1c708b2b49bea64efbe)] -> name: ctl00$ContentPlaceHolder1$btnSave]
Session ID: 7ba2b4c53880d1c708b2b49bea64efbe
at java.base/jdk.internal.reflect.DirectConstructorHandleAccessor.newInstance(DirectConstructorHandleAccessor.java:62)
at java.base/java.lang.reflect.Constructor.newInstanceWithCaller(Constructor.java:502)
at java.base/java.lang.reflect.Constructor.newInstance(Constructor.java:486)
at org.openqa.selenium.remote.ErrorCodec.decode(ErrorCodec.java:167)
at org.openqa.selenium.remote.codec.w3c.W3CHttpResponseCodec.decode(W3CHttpResponseCodec.java:138)
at org.openqa.selenium.remote.codec.w3c.W3CHttpResponseCodec.decode(W3CHttpResponseCodec.java:50)
at org.openqa.selenium.remote.HttpCommandExecutor.execute(HttpCommandExecutor.java:190)
at org.openqa.selenium.remote.service.DriverCommandExecutor.invokeExecute(DriverCommandExecutor.java:216)
at org.openqa.selenium.remote.service.DriverCommandExecutor.execute(DriverCommandExecutor.java:174)
at org.openqa.selenium.remote.RemoteWebDriver.execute(RemoteWebDriver.java:545)
at org.openqa.selenium.remote.RemoteWebElement.execute(RemoteWebElement.java:223)
at org.openqa.selenium.remote.RemoteWebElement.click(RemoteWebElement.java:76)
at java.base/jdk.internal.reflect.DirectMethodHandleAccessor.invoke(DirectMethodHandleAccessor.java:103)
at java.base/java.lang.reflect.Method.invoke(Method.java:580)
at org.openqa.selenium.support.pagefactory.internal.LocatingElementHandler.invoke(LocatingElementHandler.java:51)
at jdk.proxy2/jdk.proxy2.$Proxy13.click(Unknown Source)
at WeekendLoan.AddWeekendLoanPage.clickSaveButton(AddWeekendLoanPage.java:151)
at WeekendLoanTest.ApproveWeekendLoanAdminTest.openLoan(ApproveWeekendLoanAdminTest.java:85)
at java.base/jdk.internal.reflect.DirectMethodHandleAccessor.invoke(DirectMethodHandleAccessor.java:103)
at java.base/java.lang.reflect.Method.invoke(Method.java:580)
at org.testng.internal.invokers.MethodInvocationHelper.invokeMethod(MethodInvocationHelper.java:141)
at org.testng.internal.invokers.TestInvoker.invokeMethod(TestInvoker.java:686)
at org.testng.internal.invokers.TestInvoker.invokeTestMethod(TestInvoker.java:230)
at org.testng.internal.invokers.MethodRunner.runInSequence(MethodRunner.java:63)
at org.testng.internal.invokers.TestInvoker$MethodInvocationAgent.invoke(TestInvoker.java:992)
at org.testng.internal.invokers.TestInvoker.invokeTestMethods(TestInvoker.java:203)
at org.testng.internal.invokers.TestMethodWorker.invokeTestMethods(TestMethodWorker.java:154)
at org.testng.internal.invokers.TestMethodWorker.run(TestMethodWorker.java:134)
at java.base/java.util.ArrayList.forEach(ArrayList.java:1597)
at org.testng.TestRunner.privateRun(TestRunner.java:739)
at org.testng.TestRunner.run(TestRunner.java:614)
at org.testng.SuiteRunner.runTest(SuiteRunner.java:421)
at org.testng.SuiteRunner.runSequentially(SuiteRunner.java:413)
at org.testng.SuiteRunner.privateRun(SuiteRunner.java:373)
at org.testng.SuiteRunner.run(SuiteRunner.java:312)
at org.testng.SuiteRunnerWorker.runSuite(SuiteRunnerWorker.java:52)
at org.testng.SuiteRunnerWorker.run(SuiteRunnerWorker.java:95)
at org.testng.TestNG.runSuitesSequentially(TestNG.java:1274)
at org.testng.TestNG.runSuitesLocally(TestNG.java:1208)
at org.testng.TestNG.runSuites(TestNG.java:1112)
at org.testng.TestNG.run(TestNG.java:1079)
at com.intellij.rt.testng.IDEARemoteTestNG.run(IDEARemoteTestNG.java:65)
at com.intellij.rt.testng.RemoteTestNGStarter.main(RemoteTestNGStarter.java:105)
]]>
                        </full-stacktrace>
                    </exception> <!-- org.openqa.selenium.TimeoutException -->
                    <reporter-output>
                    </reporter-output>
                </test-method> <!-- openLoan -->
                <test-method is-config="true"
                             signature="quit()[pri:0, instance:WeekendLoanTest.ApproveWeekendLoanAdminTest@62150f9e]"
                             started-at="2025-03-21T17:14:47 IST" name="quit" finished-at="2025-03-21T17:14:48 IST"
                             duration-ms="255" status="PASS">
                    <reporter-output>
                    </reporter-output>
                </test-method> <!-- quit -->
            </class> <!-- WeekendLoanTest.ApproveWeekendLoanAdminTest -->
            <class name="WeekendLoanTest.LoanGuarantorPendingToEAgreementSignedDueTest">
                <test-method is-config="true"
                             signature="setup()[pri:0, instance:WeekendLoanTest.LoanGuarantorPendingToEAgreementSignedDueTest@6c80d78a]"
                             started-at="2025-03-21T17:11:19 IST" name="setup" finished-at="2025-03-21T17:12:28 IST"
                             duration-ms="69022" status="PASS">
                    <reporter-output>
                    </reporter-output>
                </test-method> <!-- setup -->
                <test-method
                        signature="changeGuarantorStatusToEAgreementSignedDue()[pri:1, instance:WeekendLoanTest.LoanGuarantorPendingToEAgreementSignedDueTest@6c80d78a]"
                        started-at="2025-03-21T17:12:28 IST" name="changeGuarantorStatusToEAgreementSignedDue"
                        finished-at="2025-03-21T17:12:33 IST" duration-ms="4896" status="PASS">
                    <reporter-output>
                    </reporter-output>
                </test-method> <!-- changeGuarantorStatusToEAgreementSignedDue -->
                <test-method
                        signature="changeLoanStatusToEAgreementSignedDue()[pri:2, instance:WeekendLoanTest.LoanGuarantorPendingToEAgreementSignedDueTest@6c80d78a]"
                        started-at="2025-03-21T17:12:33 IST" name="changeLoanStatusToEAgreementSignedDue"
                        finished-at="2025-03-21T17:12:36 IST" duration-ms="3423" status="PASS">
                    <reporter-output>
                    </reporter-output>
                </test-method> <!-- changeLoanStatusToEAgreementSignedDue -->
                <test-method is-config="true"
                             signature="quit()[pri:0, instance:WeekendLoanTest.LoanGuarantorPendingToEAgreementSignedDueTest@6c80d78a]"
                             started-at="2025-03-21T17:12:36 IST" name="quit" finished-at="2025-03-21T17:12:36 IST"
                             duration-ms="279" status="PASS">
                    <reporter-output>
                    </reporter-output>
                </test-method> <!-- quit -->
            </class> <!-- WeekendLoanTest.LoanGuarantorPendingToEAgreementSignedDueTest -->
        </test> <!-- Weekend Loan Apply and approve with guarantor -->
        <test started-at="2025-03-21T17:14:48 IST" name="Short Term Loan Apply and approve with guarantor"
              finished-at="2025-03-21T17:18:37 IST" duration-ms="229820">
            <class name="ShortTermLoanTest.LoanGuarantorPendingToEAgreementSignedDueTest">
                <test-method is-config="true"
                             signature="setup()[pri:0, instance:ShortTermLoanTest.LoanGuarantorPendingToEAgreementSignedDueTest@223d2c72]"
                             started-at="2025-03-21T17:15:09 IST" name="setup" finished-at="2025-03-21T17:16:16 IST"
                             duration-ms="66687" status="PASS">
                    <reporter-output>
                    </reporter-output>
                </test-method> <!-- setup -->
                <test-method
                        signature="changeGuarantorStatusToEAgreementSignedDue()[pri:1, instance:ShortTermLoanTest.LoanGuarantorPendingToEAgreementSignedDueTest@223d2c72]"
                        started-at="2025-03-21T17:16:16 IST" name="changeGuarantorStatusToEAgreementSignedDue"
                        finished-at="2025-03-21T17:16:20 IST" duration-ms="4070" status="PASS">
                    <reporter-output>
                    </reporter-output>
                </test-method> <!-- changeGuarantorStatusToEAgreementSignedDue -->
                <test-method
                        signature="changeLoanStatusToEAgreementSignedDue()[pri:2, instance:ShortTermLoanTest.LoanGuarantorPendingToEAgreementSignedDueTest@223d2c72]"
                        started-at="2025-03-21T17:16:20 IST" name="changeLoanStatusToEAgreementSignedDue"
                        finished-at="2025-03-21T17:16:25 IST" duration-ms="4471" status="PASS">
                    <reporter-output>
                    </reporter-output>
                </test-method> <!-- changeLoanStatusToEAgreementSignedDue -->
                <test-method is-config="true"
                             signature="quit()[pri:0, instance:ShortTermLoanTest.LoanGuarantorPendingToEAgreementSignedDueTest@223d2c72]"
                             started-at="2025-03-21T17:16:25 IST" name="quit" finished-at="2025-03-21T17:16:25 IST"
                             duration-ms="251" status="PASS">
                    <reporter-output>
                    </reporter-output>
                </test-method> <!-- quit -->
            </class> <!-- ShortTermLoanTest.LoanGuarantorPendingToEAgreementSignedDueTest -->
            <class name="ShortTermLoanTest.ApplyShortTermLoanWithGuarantorTest">
                <test-method is-config="true"
                             signature="setup()[pri:0, instance:ShortTermLoanTest.ApplyShortTermLoanWithGuarantorTest@36902638]"
                             started-at="2025-03-21T17:14:48 IST" name="setup" finished-at="2025-03-21T17:14:57 IST"
                             duration-ms="9026" status="PASS">
                    <reporter-output>
                    </reporter-output>
                </test-method> <!-- setup -->
                <test-method
                        signature="goToLoanPage()[pri:1, instance:ShortTermLoanTest.ApplyShortTermLoanWithGuarantorTest@36902638]"
                        started-at="2025-03-21T17:14:57 IST" name="goToLoanPage" finished-at="2025-03-21T17:14:58 IST"
                        duration-ms="1099" status="PASS">
                    <reporter-output>
                    </reporter-output>
                </test-method> <!-- goToLoanPage -->
                <test-method
                        signature="applyLoan()[pri:2, instance:ShortTermLoanTest.ApplyShortTermLoanWithGuarantorTest@36902638]"
                        started-at="2025-03-21T17:14:58 IST" name="applyLoan" finished-at="2025-03-21T17:15:04 IST"
                        duration-ms="5922" status="PASS">
                    <reporter-output>
                    </reporter-output>
                </test-method> <!-- applyLoan -->
                <test-method
                        signature="addGuarantor()[pri:3, instance:ShortTermLoanTest.ApplyShortTermLoanWithGuarantorTest@36902638]"
                        started-at="2025-03-21T17:15:04 IST" name="addGuarantor" finished-at="2025-03-21T17:15:09 IST"
                        duration-ms="5432" status="PASS">
                    <reporter-output>
                    </reporter-output>
                </test-method> <!-- addGuarantor -->
                <test-method is-config="true"
                             signature="quit()[pri:0, instance:ShortTermLoanTest.ApplyShortTermLoanWithGuarantorTest@36902638]"
                             started-at="2025-03-21T17:15:09 IST" name="quit" finished-at="2025-03-21T17:15:09 IST"
                             duration-ms="226" status="PASS">
                    <reporter-output>
                    </reporter-output>
                </test-method> <!-- quit -->
            </class> <!-- ShortTermLoanTest.ApplyShortTermLoanWithGuarantorTest -->
            <class name="ShortTermLoanTest.ApproveShortTermLoanAdminTest">
                <test-method is-config="true"
                             signature="setup()[pri:0, instance:ShortTermLoanTest.ApproveShortTermLoanAdminTest@8f4ea7c]"
                             started-at="2025-03-21T17:16:25 IST" name="setup" finished-at="2025-03-21T17:17:32 IST"
                             duration-ms="67353" status="PASS">
                    <reporter-output>
                    </reporter-output>
                </test-method> <!-- setup -->
                <test-method
                        signature="openLoan()[pri:1, instance:ShortTermLoanTest.ApproveShortTermLoanAdminTest@8f4ea7c]"
                        started-at="2025-03-21T17:17:32 IST" name="openLoan" finished-at="2025-03-21T17:18:37 IST"
                        duration-ms="65005" status="PASS">
                    <reporter-output>
                    </reporter-output>
                </test-method> <!-- openLoan -->
                <test-method is-config="true"
                             signature="quit()[pri:0, instance:ShortTermLoanTest.ApproveShortTermLoanAdminTest@8f4ea7c]"
                             started-at="2025-03-21T17:18:37 IST" name="quit" finished-at="2025-03-21T17:18:37 IST"
                             duration-ms="267" status="PASS">
                    <reporter-output>
                    </reporter-output>
                </test-method> <!-- quit -->
            </class> <!-- ShortTermLoanTest.ApproveShortTermLoanAdminTest -->
        </test> <!-- Short Term Loan Apply and approve with guarantor -->
        <test started-at="2025-03-21T17:18:37 IST" name="CMS Loan Apply and approve with guarantor"
              finished-at="2025-03-21T17:22:22 IST" duration-ms="224237">
            <class name="CMSLoanTest.ApproveCMSLoanAdminTest">
                <test-method is-config="true"
                             signature="setup()[pri:0, instance:CMSLoanTest.ApproveCMSLoanAdminTest@77847718]"
                             started-at="2025-03-21T17:20:11 IST" name="setup" finished-at="2025-03-21T17:21:18 IST"
                             duration-ms="67025" status="PASS">
                    <reporter-output>
                    </reporter-output>
                </test-method> <!-- setup -->
                <test-method signature="openLoan()[pri:1, instance:CMSLoanTest.ApproveCMSLoanAdminTest@77847718]"
                             started-at="2025-03-21T17:21:18 IST" name="openLoan" finished-at="2025-03-21T17:22:21 IST"
                             duration-ms="63418" status="FAIL">
                    <exception class="org.openqa.selenium.TimeoutException">
                        <message>
                            <![CDATA[timeout: Timed out receiving message from renderer: 60.000
  (Session info: chrome=134.0.6998.118)
Build info: version: '4.25.0', revision: '8a8aea2337'
System info: os.name: 'Windows 10', os.arch: 'amd64', os.version: '10.0', java.version: '22.0.1'
Driver info: org.openqa.selenium.chrome.ChromeDriver
Command: [c5e40745dabe0b34933fd24449da2e15, clickElement {id=f.2A744A71210D4DBAE3D51EDEA8B19E72.d.FA263902F4B4592CE5643FB442785162.e.416}]
Capabilities {acceptInsecureCerts: false, browserName: chrome, browserVersion: 134.0.6998.118, chrome: {chromedriverVersion: 134.0.6998.90 (219ee74681fc..., userDataDir: C:\Users\ROHIT~1.MAT\AppDat...}, fedcm:accounts: true, goog:chromeOptions: {debuggerAddress: localhost:50790}, networkConnectionEnabled: false, pageLoadStrategy: normal, platformName: windows, proxy: Proxy(), se:cdp: ws://localhost:50790/devtoo..., se:cdpVersion: 134.0.6998.118, setWindowRect: true, strictFileInteractability: false, timeouts: {implicit: 0, pageLoad: 300000, script: 30000}, unhandledPromptBehavior: dismiss and notify, webauthn:extension:credBlob: true, webauthn:extension:largeBlob: true, webauthn:extension:minPinLength: true, webauthn:extension:prf: true, webauthn:virtualAuthenticators: true}
Element: [[ChromeDriver: chrome on windows (c5e40745dabe0b34933fd24449da2e15)] -> name: ctl00$ContentPlaceHolder1$btnSave]
Session ID: c5e40745dabe0b34933fd24449da2e15]]>
                        </message>
                        <full-stacktrace>
                            <![CDATA[org.openqa.selenium.TimeoutException: timeout: Timed out receiving message from renderer: 60.000
  (Session info: chrome=134.0.6998.118)
Build info: version: '4.25.0', revision: '8a8aea2337'
System info: os.name: 'Windows 10', os.arch: 'amd64', os.version: '10.0', java.version: '22.0.1'
Driver info: org.openqa.selenium.chrome.ChromeDriver
Command: [c5e40745dabe0b34933fd24449da2e15, clickElement {id=f.2A744A71210D4DBAE3D51EDEA8B19E72.d.FA263902F4B4592CE5643FB442785162.e.416}]
Capabilities {acceptInsecureCerts: false, browserName: chrome, browserVersion: 134.0.6998.118, chrome: {chromedriverVersion: 134.0.6998.90 (219ee74681fc..., userDataDir: C:\Users\ROHIT~1.MAT\AppDat...}, fedcm:accounts: true, goog:chromeOptions: {debuggerAddress: localhost:50790}, networkConnectionEnabled: false, pageLoadStrategy: normal, platformName: windows, proxy: Proxy(), se:cdp: ws://localhost:50790/devtoo..., se:cdpVersion: 134.0.6998.118, setWindowRect: true, strictFileInteractability: false, timeouts: {implicit: 0, pageLoad: 300000, script: 30000}, unhandledPromptBehavior: dismiss and notify, webauthn:extension:credBlob: true, webauthn:extension:largeBlob: true, webauthn:extension:minPinLength: true, webauthn:extension:prf: true, webauthn:virtualAuthenticators: true}
Element: [[ChromeDriver: chrome on windows (c5e40745dabe0b34933fd24449da2e15)] -> name: ctl00$ContentPlaceHolder1$btnSave]
Session ID: c5e40745dabe0b34933fd24449da2e15
at java.base/jdk.internal.reflect.DirectConstructorHandleAccessor.newInstance(DirectConstructorHandleAccessor.java:62)
at java.base/java.lang.reflect.Constructor.newInstanceWithCaller(Constructor.java:502)
at java.base/java.lang.reflect.Constructor.newInstance(Constructor.java:486)
at org.openqa.selenium.remote.ErrorCodec.decode(ErrorCodec.java:167)
at org.openqa.selenium.remote.codec.w3c.W3CHttpResponseCodec.decode(W3CHttpResponseCodec.java:138)
at org.openqa.selenium.remote.codec.w3c.W3CHttpResponseCodec.decode(W3CHttpResponseCodec.java:50)
at org.openqa.selenium.remote.HttpCommandExecutor.execute(HttpCommandExecutor.java:190)
at org.openqa.selenium.remote.service.DriverCommandExecutor.invokeExecute(DriverCommandExecutor.java:216)
at org.openqa.selenium.remote.service.DriverCommandExecutor.execute(DriverCommandExecutor.java:174)
at org.openqa.selenium.remote.RemoteWebDriver.execute(RemoteWebDriver.java:545)
at org.openqa.selenium.remote.RemoteWebElement.execute(RemoteWebElement.java:223)
at org.openqa.selenium.remote.RemoteWebElement.click(RemoteWebElement.java:76)
at java.base/jdk.internal.reflect.DirectMethodHandleAccessor.invoke(DirectMethodHandleAccessor.java:103)
at java.base/java.lang.reflect.Method.invoke(Method.java:580)
at org.openqa.selenium.support.pagefactory.internal.LocatingElementHandler.invoke(LocatingElementHandler.java:51)
at jdk.proxy2/jdk.proxy2.$Proxy13.click(Unknown Source)
at CMSLoan.AddCMSLoanPage.clickSaveButton(AddCMSLoanPage.java:162)
at CMSLoanTest.ApproveCMSLoanAdminTest.openLoan(ApproveCMSLoanAdminTest.java:86)
at java.base/jdk.internal.reflect.DirectMethodHandleAccessor.invoke(DirectMethodHandleAccessor.java:103)
at java.base/java.lang.reflect.Method.invoke(Method.java:580)
at org.testng.internal.invokers.MethodInvocationHelper.invokeMethod(MethodInvocationHelper.java:141)
at org.testng.internal.invokers.TestInvoker.invokeMethod(TestInvoker.java:686)
at org.testng.internal.invokers.TestInvoker.invokeTestMethod(TestInvoker.java:230)
at org.testng.internal.invokers.MethodRunner.runInSequence(MethodRunner.java:63)
at org.testng.internal.invokers.TestInvoker$MethodInvocationAgent.invoke(TestInvoker.java:992)
at org.testng.internal.invokers.TestInvoker.invokeTestMethods(TestInvoker.java:203)
at org.testng.internal.invokers.TestMethodWorker.invokeTestMethods(TestMethodWorker.java:154)
at org.testng.internal.invokers.TestMethodWorker.run(TestMethodWorker.java:134)
at java.base/java.util.ArrayList.forEach(ArrayList.java:1597)
at org.testng.TestRunner.privateRun(TestRunner.java:739)
at org.testng.TestRunner.run(TestRunner.java:614)
at org.testng.SuiteRunner.runTest(SuiteRunner.java:421)
at org.testng.SuiteRunner.runSequentially(SuiteRunner.java:413)
at org.testng.SuiteRunner.privateRun(SuiteRunner.java:373)
at org.testng.SuiteRunner.run(SuiteRunner.java:312)
at org.testng.SuiteRunnerWorker.runSuite(SuiteRunnerWorker.java:52)
at org.testng.SuiteRunnerWorker.run(SuiteRunnerWorker.java:95)
at org.testng.TestNG.runSuitesSequentially(TestNG.java:1274)
at org.testng.TestNG.runSuitesLocally(TestNG.java:1208)
at org.testng.TestNG.runSuites(TestNG.java:1112)
at org.testng.TestNG.run(TestNG.java:1079)
at com.intellij.rt.testng.IDEARemoteTestNG.run(IDEARemoteTestNG.java:65)
at com.intellij.rt.testng.RemoteTestNGStarter.main(RemoteTestNGStarter.java:105)
]]>
                        </full-stacktrace>
                    </exception> <!-- org.openqa.selenium.TimeoutException -->
                    <reporter-output>
                    </reporter-output>
                </test-method> <!-- openLoan -->
                <test-method is-config="true"
                             signature="quit()[pri:0, instance:CMSLoanTest.ApproveCMSLoanAdminTest@77847718]"
                             started-at="2025-03-21T17:22:21 IST" name="quit" finished-at="2025-03-21T17:22:22 IST"
                             duration-ms="245" status="PASS">
                    <reporter-output>
                    </reporter-output>
                </test-method> <!-- quit -->
            </class> <!-- CMSLoanTest.ApproveCMSLoanAdminTest -->
            <class name="CMSLoanTest.ApplyCMSLoanWithGuarantorTest">
                <test-method is-config="true"
                             signature="setup()[pri:0, instance:CMSLoanTest.ApplyCMSLoanWithGuarantorTest@131774fe]"
                             started-at="2025-03-21T17:18:37 IST" name="setup" finished-at="2025-03-21T17:18:46 IST"
                             duration-ms="8843" status="PASS">
                    <reporter-output>
                    </reporter-output>
                </test-method> <!-- setup -->
                <test-method
                        signature="goToLoanPage()[pri:1, instance:CMSLoanTest.ApplyCMSLoanWithGuarantorTest@131774fe]"
                        started-at="2025-03-21T17:18:46 IST" name="goToLoanPage" finished-at="2025-03-21T17:18:46 IST"
                        duration-ms="146" status="PASS">
                    <reporter-output>
                    </reporter-output>
                </test-method> <!-- goToLoanPage -->
                <test-method signature="applyLoan()[pri:2, instance:CMSLoanTest.ApplyCMSLoanWithGuarantorTest@131774fe]"
                             started-at="2025-03-21T17:18:46 IST" name="applyLoan" finished-at="2025-03-21T17:18:51 IST"
                             duration-ms="4817" status="PASS">
                    <reporter-output>
                    </reporter-output>
                </test-method> <!-- applyLoan -->
                <test-method
                        signature="addGuarantor()[pri:3, instance:CMSLoanTest.ApplyCMSLoanWithGuarantorTest@131774fe]"
                        started-at="2025-03-21T17:18:51 IST" name="addGuarantor" finished-at="2025-03-21T17:18:57 IST"
                        duration-ms="5375" status="PASS">
                    <reporter-output>
                    </reporter-output>
                </test-method> <!-- addGuarantor -->
                <test-method is-config="true"
                             signature="quit()[pri:0, instance:CMSLoanTest.ApplyCMSLoanWithGuarantorTest@131774fe]"
                             started-at="2025-03-21T17:18:57 IST" name="quit" finished-at="2025-03-21T17:18:57 IST"
                             duration-ms="228" status="PASS">
                    <reporter-output>
                    </reporter-output>
                </test-method> <!-- quit -->
            </class> <!-- CMSLoanTest.ApplyCMSLoanWithGuarantorTest -->
            <class name="CMSLoanTest.LoanGuarantorPendingToEAgreementSignedDueTest">
                <test-method is-config="true"
                             signature="setup()[pri:0, instance:CMSLoanTest.LoanGuarantorPendingToEAgreementSignedDueTest@158d2680]"
                             started-at="2025-03-21T17:18:57 IST" name="setup" finished-at="2025-03-21T17:20:03 IST"
                             duration-ms="66519" status="PASS">
                    <reporter-output>
                    </reporter-output>
                </test-method> <!-- setup -->
                <test-method
                        signature="changeGuarantorStatusToEAgreementSignedDue()[pri:1, instance:CMSLoanTest.LoanGuarantorPendingToEAgreementSignedDueTest@158d2680]"
                        started-at="2025-03-21T17:20:03 IST" name="changeGuarantorStatusToEAgreementSignedDue"
                        finished-at="2025-03-21T17:20:07 IST" duration-ms="3529" status="PASS">
                    <reporter-output>
                    </reporter-output>
                </test-method> <!-- changeGuarantorStatusToEAgreementSignedDue -->
                <test-method
                        signature="changeLoanStatusToEAgreementSignedDue()[pri:2, instance:CMSLoanTest.LoanGuarantorPendingToEAgreementSignedDueTest@158d2680]"
                        started-at="2025-03-21T17:20:07 IST" name="changeLoanStatusToEAgreementSignedDue"
                        finished-at="2025-03-21T17:20:11 IST" duration-ms="3682" status="PASS">
                    <reporter-output>
                    </reporter-output>
                </test-method> <!-- changeLoanStatusToEAgreementSignedDue -->
                <test-method is-config="true"
                             signature="quit()[pri:0, instance:CMSLoanTest.LoanGuarantorPendingToEAgreementSignedDueTest@158d2680]"
                             started-at="2025-03-21T17:20:11 IST" name="quit" finished-at="2025-03-21T17:20:11 IST"
                             duration-ms="227" status="PASS">
                    <reporter-output>
                    </reporter-output>
                </test-method> <!-- quit -->
            </class> <!-- CMSLoanTest.LoanGuarantorPendingToEAgreementSignedDueTest -->
        </test> <!-- CMS Loan Apply and approve with guarantor -->
        <test started-at="2025-03-21T17:22:22 IST" name="Other Product Loan Apply and approve with guarantor"
              finished-at="2025-03-21T17:26:09 IST" duration-ms="227710">
            <class name="OtherProductLoanTest.ApproveOtherProductLoanAdminTest">
                <test-method is-config="true"
                             signature="setup()[pri:0, instance:OtherProductLoanTest.ApproveOtherProductLoanAdminTest@4550bb58]"
                             started-at="2025-03-21T17:23:57 IST" name="setup" finished-at="2025-03-21T17:25:05 IST"
                             duration-ms="67669" status="PASS">
                    <reporter-output>
                    </reporter-output>
                </test-method> <!-- setup -->
                <test-method
                        signature="openLoan()[pri:1, instance:OtherProductLoanTest.ApproveOtherProductLoanAdminTest@4550bb58]"
                        started-at="2025-03-21T17:25:05 IST" name="openLoan" finished-at="2025-03-21T17:26:09 IST"
                        duration-ms="63992" status="FAIL">
                    <exception class="org.openqa.selenium.TimeoutException">
                        <message>
                            <![CDATA[timeout: Timed out receiving message from renderer: 60.000
  (Session info: chrome=134.0.6998.118)
Build info: version: '4.25.0', revision: '8a8aea2337'
System info: os.name: 'Windows 10', os.arch: 'amd64', os.version: '10.0', java.version: '22.0.1'
Driver info: org.openqa.selenium.chrome.ChromeDriver
Command: [f067ad6ea96cb705bcacfad087ff98a9, clickElement {id=f.8B17C3AEC4A2D24342911356B5E4998E.d.29F83CF46B1DFF49105E3B1531355991.e.556}]
Capabilities {acceptInsecureCerts: false, browserName: chrome, browserVersion: 134.0.6998.118, chrome: {chromedriverVersion: 134.0.6998.90 (219ee74681fc..., userDataDir: C:\Users\ROHIT~1.MAT\AppDat...}, fedcm:accounts: true, goog:chromeOptions: {debuggerAddress: localhost:51079}, networkConnectionEnabled: false, pageLoadStrategy: normal, platformName: windows, proxy: Proxy(), se:cdp: ws://localhost:51079/devtoo..., se:cdpVersion: 134.0.6998.118, setWindowRect: true, strictFileInteractability: false, timeouts: {implicit: 0, pageLoad: 300000, script: 30000}, unhandledPromptBehavior: dismiss and notify, webauthn:extension:credBlob: true, webauthn:extension:largeBlob: true, webauthn:extension:minPinLength: true, webauthn:extension:prf: true, webauthn:virtualAuthenticators: true}
Element: [[ChromeDriver: chrome on windows (f067ad6ea96cb705bcacfad087ff98a9)] -> name: ctl00$ContentPlaceHolder1$btnGoAhead]
Session ID: f067ad6ea96cb705bcacfad087ff98a9]]>
                        </message>
                        <full-stacktrace>
                            <![CDATA[org.openqa.selenium.TimeoutException: timeout: Timed out receiving message from renderer: 60.000
  (Session info: chrome=134.0.6998.118)
Build info: version: '4.25.0', revision: '8a8aea2337'
System info: os.name: 'Windows 10', os.arch: 'amd64', os.version: '10.0', java.version: '22.0.1'
Driver info: org.openqa.selenium.chrome.ChromeDriver
Command: [f067ad6ea96cb705bcacfad087ff98a9, clickElement {id=f.8B17C3AEC4A2D24342911356B5E4998E.d.29F83CF46B1DFF49105E3B1531355991.e.556}]
Capabilities {acceptInsecureCerts: false, browserName: chrome, browserVersion: 134.0.6998.118, chrome: {chromedriverVersion: 134.0.6998.90 (219ee74681fc..., userDataDir: C:\Users\ROHIT~1.MAT\AppDat...}, fedcm:accounts: true, goog:chromeOptions: {debuggerAddress: localhost:51079}, networkConnectionEnabled: false, pageLoadStrategy: normal, platformName: windows, proxy: Proxy(), se:cdp: ws://localhost:51079/devtoo..., se:cdpVersion: 134.0.6998.118, setWindowRect: true, strictFileInteractability: false, timeouts: {implicit: 0, pageLoad: 300000, script: 30000}, unhandledPromptBehavior: dismiss and notify, webauthn:extension:credBlob: true, webauthn:extension:largeBlob: true, webauthn:extension:minPinLength: true, webauthn:extension:prf: true, webauthn:virtualAuthenticators: true}
Element: [[ChromeDriver: chrome on windows (f067ad6ea96cb705bcacfad087ff98a9)] -> name: ctl00$ContentPlaceHolder1$btnGoAhead]
Session ID: f067ad6ea96cb705bcacfad087ff98a9
at java.base/jdk.internal.reflect.DirectConstructorHandleAccessor.newInstance(DirectConstructorHandleAccessor.java:62)
at java.base/java.lang.reflect.Constructor.newInstanceWithCaller(Constructor.java:502)
at java.base/java.lang.reflect.Constructor.newInstance(Constructor.java:486)
at org.openqa.selenium.remote.ErrorCodec.decode(ErrorCodec.java:167)
at org.openqa.selenium.remote.codec.w3c.W3CHttpResponseCodec.decode(W3CHttpResponseCodec.java:138)
at org.openqa.selenium.remote.codec.w3c.W3CHttpResponseCodec.decode(W3CHttpResponseCodec.java:50)
at org.openqa.selenium.remote.HttpCommandExecutor.execute(HttpCommandExecutor.java:190)
at org.openqa.selenium.remote.service.DriverCommandExecutor.invokeExecute(DriverCommandExecutor.java:216)
at org.openqa.selenium.remote.service.DriverCommandExecutor.execute(DriverCommandExecutor.java:174)
at org.openqa.selenium.remote.RemoteWebDriver.execute(RemoteWebDriver.java:545)
at org.openqa.selenium.remote.RemoteWebElement.execute(RemoteWebElement.java:223)
at org.openqa.selenium.remote.RemoteWebElement.click(RemoteWebElement.java:76)
at java.base/jdk.internal.reflect.DirectMethodHandleAccessor.invoke(DirectMethodHandleAccessor.java:103)
at java.base/java.lang.reflect.Method.invoke(Method.java:580)
at org.openqa.selenium.support.pagefactory.internal.LocatingElementHandler.invoke(LocatingElementHandler.java:51)
at jdk.proxy2/jdk.proxy2.$Proxy13.click(Unknown Source)
at OtherProductsLoan.AddOtherProductLoan.btnGoAhead(AddOtherProductLoan.java:390)
at OtherProductLoanTest.ApproveOtherProductLoanAdminTest.openLoan(ApproveOtherProductLoanAdminTest.java:84)
at java.base/jdk.internal.reflect.DirectMethodHandleAccessor.invoke(DirectMethodHandleAccessor.java:103)
at java.base/java.lang.reflect.Method.invoke(Method.java:580)
at org.testng.internal.invokers.MethodInvocationHelper.invokeMethod(MethodInvocationHelper.java:141)
at org.testng.internal.invokers.TestInvoker.invokeMethod(TestInvoker.java:686)
at org.testng.internal.invokers.TestInvoker.invokeTestMethod(TestInvoker.java:230)
at org.testng.internal.invokers.MethodRunner.runInSequence(MethodRunner.java:63)
at org.testng.internal.invokers.TestInvoker$MethodInvocationAgent.invoke(TestInvoker.java:992)
at org.testng.internal.invokers.TestInvoker.invokeTestMethods(TestInvoker.java:203)
at org.testng.internal.invokers.TestMethodWorker.invokeTestMethods(TestMethodWorker.java:154)
at org.testng.internal.invokers.TestMethodWorker.run(TestMethodWorker.java:134)
at java.base/java.util.ArrayList.forEach(ArrayList.java:1597)
at org.testng.TestRunner.privateRun(TestRunner.java:739)
at org.testng.TestRunner.run(TestRunner.java:614)
at org.testng.SuiteRunner.runTest(SuiteRunner.java:421)
at org.testng.SuiteRunner.runSequentially(SuiteRunner.java:413)
at org.testng.SuiteRunner.privateRun(SuiteRunner.java:373)
at org.testng.SuiteRunner.run(SuiteRunner.java:312)
at org.testng.SuiteRunnerWorker.runSuite(SuiteRunnerWorker.java:52)
at org.testng.SuiteRunnerWorker.run(SuiteRunnerWorker.java:95)
at org.testng.TestNG.runSuitesSequentially(TestNG.java:1274)
at org.testng.TestNG.runSuitesLocally(TestNG.java:1208)
at org.testng.TestNG.runSuites(TestNG.java:1112)
at org.testng.TestNG.run(TestNG.java:1079)
at com.intellij.rt.testng.IDEARemoteTestNG.run(IDEARemoteTestNG.java:65)
at com.intellij.rt.testng.RemoteTestNGStarter.main(RemoteTestNGStarter.java:105)
]]>
                        </full-stacktrace>
                    </exception> <!-- org.openqa.selenium.TimeoutException -->
                    <reporter-output>
                    </reporter-output>
                </test-method> <!-- openLoan -->
                <test-method is-config="true"
                             signature="quit()[pri:0, instance:OtherProductLoanTest.ApproveOtherProductLoanAdminTest@4550bb58]"
                             started-at="2025-03-21T17:26:09 IST" name="quit" finished-at="2025-03-21T17:26:09 IST"
                             duration-ms="247" status="PASS">
                    <reporter-output>
                    </reporter-output>
                </test-method> <!-- quit -->
            </class> <!-- OtherProductLoanTest.ApproveOtherProductLoanAdminTest -->
            <class name="OtherProductLoanTest.ApplyOtherProductWithGuarantorTest">
                <test-method is-config="true"
                             signature="setup()[pri:0, instance:OtherProductLoanTest.ApplyOtherProductWithGuarantorTest@c8c12ac]"
                             started-at="2025-03-21T17:22:22 IST" name="setup" finished-at="2025-03-21T17:22:30 IST"
                             duration-ms="8438" status="PASS">
                    <reporter-output>
                    </reporter-output>
                </test-method> <!-- setup -->
                <test-method
                        signature="addlongtermloan()[pri:1, instance:OtherProductLoanTest.ApplyOtherProductWithGuarantorTest@c8c12ac]"
                        started-at="2025-03-21T17:22:30 IST" name="addlongtermloan"
                        finished-at="2025-03-21T17:22:37 IST" duration-ms="6942" status="PASS">
                    <reporter-output>
                    </reporter-output>
                </test-method> <!-- addlongtermloan -->
                <test-method
                        signature="addGuarantor()[pri:2, instance:OtherProductLoanTest.ApplyOtherProductWithGuarantorTest@c8c12ac]"
                        started-at="2025-03-21T17:22:37 IST" name="addGuarantor" finished-at="2025-03-21T17:22:42 IST"
                        duration-ms="5237" status="PASS">
                    <reporter-output>
                    </reporter-output>
                </test-method> <!-- addGuarantor -->
                <test-method is-config="true"
                             signature="quit()[pri:0, instance:OtherProductLoanTest.ApplyOtherProductWithGuarantorTest@c8c12ac]"
                             started-at="2025-03-21T17:22:42 IST" name="quit" finished-at="2025-03-21T17:22:43 IST"
                             duration-ms="248" status="PASS">
                    <reporter-output>
                    </reporter-output>
                </test-method> <!-- quit -->
            </class> <!-- OtherProductLoanTest.ApplyOtherProductWithGuarantorTest -->
            <class name="OtherProductLoanTest.LoanGuarantorPendingToEAgreementSignedDueTest">
                <test-method is-config="true"
                             signature="setup()[pri:0, instance:OtherProductLoanTest.LoanGuarantorPendingToEAgreementSignedDueTest@6adbc9d]"
                             started-at="2025-03-21T17:22:43 IST" name="setup" finished-at="2025-03-21T17:23:49 IST"
                             duration-ms="66490" status="PASS">
                    <reporter-output>
                    </reporter-output>
                </test-method> <!-- setup -->
                <test-method
                        signature="changeGuarantorStatusToEAgreementSignedDue()[pri:1, instance:OtherProductLoanTest.LoanGuarantorPendingToEAgreementSignedDueTest@6adbc9d]"
                        started-at="2025-03-21T17:23:49 IST" name="changeGuarantorStatusToEAgreementSignedDue"
                        finished-at="2025-03-21T17:23:53 IST" duration-ms="3737" status="PASS">
                    <reporter-output>
                    </reporter-output>
                </test-method> <!-- changeGuarantorStatusToEAgreementSignedDue -->
                <test-method
                        signature="changeLoanStatusToEAgreementSignedDue()[pri:2, instance:OtherProductLoanTest.LoanGuarantorPendingToEAgreementSignedDueTest@6adbc9d]"
                        started-at="2025-03-21T17:23:53 IST" name="changeLoanStatusToEAgreementSignedDue"
                        finished-at="2025-03-21T17:23:57 IST" duration-ms="4252" status="PASS">
                    <reporter-output>
                    </reporter-output>
                </test-method> <!-- changeLoanStatusToEAgreementSignedDue -->
                <test-method is-config="true"
                             signature="quit()[pri:0, instance:OtherProductLoanTest.LoanGuarantorPendingToEAgreementSignedDueTest@6adbc9d]"
                             started-at="2025-03-21T17:23:57 IST" name="quit" finished-at="2025-03-21T17:23:57 IST"
                             duration-ms="288" status="PASS">
                    <reporter-output>
                    </reporter-output>
                </test-method> <!-- quit -->
            </class> <!-- OtherProductLoanTest.LoanGuarantorPendingToEAgreementSignedDueTest -->
        </test> <!-- Other Product Loan Apply and approve with guarantor -->
        <test started-at="2025-03-21T17:26:09 IST" name="Long Term Loan Apply and approve with guarantor"
              finished-at="2025-03-21T17:30:00 IST" duration-ms="231049">
            <class name="LongTermLoanTest.ApproveLongTermLoanAdminTest">
                <test-method is-config="true"
                             signature="setup()[pri:0, instance:LongTermLoanTest.ApproveLongTermLoanAdminTest@59662a0b]"
                             started-at="2025-03-21T17:27:49 IST" name="setup" finished-at="2025-03-21T17:28:56 IST"
                             duration-ms="66869" status="PASS">
                    <reporter-output>
                    </reporter-output>
                </test-method> <!-- setup -->
                <test-method
                        signature="openLoan()[pri:1, instance:LongTermLoanTest.ApproveLongTermLoanAdminTest@59662a0b]"
                        started-at="2025-03-21T17:28:56 IST" name="openLoan" finished-at="2025-03-21T17:30:00 IST"
                        duration-ms="64041" status="FAIL">
                    <exception class="org.openqa.selenium.TimeoutException">
                        <message>
                            <![CDATA[timeout: Timed out receiving message from renderer: 60.000
  (Session info: chrome=134.0.6998.118)
Build info: version: '4.25.0', revision: '8a8aea2337'
System info: os.name: 'Windows 10', os.arch: 'amd64', os.version: '10.0', java.version: '22.0.1'
Driver info: org.openqa.selenium.chrome.ChromeDriver
Command: [dab25f4602fdaa0bdcab361bd57e7b3f, clickElement {id=f.F048365008FC7A7B253FC209C7A64EE3.d.13927505B2AACA8A0C24912023284A2D.e.781}]
Capabilities {acceptInsecureCerts: false, browserName: chrome, browserVersion: 134.0.6998.118, chrome: {chromedriverVersion: 134.0.6998.90 (219ee74681fc..., userDataDir: C:\Users\ROHIT~1.MAT\AppDat...}, fedcm:accounts: true, goog:chromeOptions: {debuggerAddress: localhost:51367}, networkConnectionEnabled: false, pageLoadStrategy: normal, platformName: windows, proxy: Proxy(), se:cdp: ws://localhost:51367/devtoo..., se:cdpVersion: 134.0.6998.118, setWindowRect: true, strictFileInteractability: false, timeouts: {implicit: 0, pageLoad: 300000, script: 30000}, unhandledPromptBehavior: dismiss and notify, webauthn:extension:credBlob: true, webauthn:extension:largeBlob: true, webauthn:extension:minPinLength: true, webauthn:extension:prf: true, webauthn:virtualAuthenticators: true}
Element: [[ChromeDriver: chrome on windows (dab25f4602fdaa0bdcab361bd57e7b3f)] -> name: ctl00$ContentPlaceHolder1$btnGoAhead]
Session ID: dab25f4602fdaa0bdcab361bd57e7b3f]]>
                        </message>
                        <full-stacktrace>
                            <![CDATA[org.openqa.selenium.TimeoutException: timeout: Timed out receiving message from renderer: 60.000
  (Session info: chrome=134.0.6998.118)
Build info: version: '4.25.0', revision: '8a8aea2337'
System info: os.name: 'Windows 10', os.arch: 'amd64', os.version: '10.0', java.version: '22.0.1'
Driver info: org.openqa.selenium.chrome.ChromeDriver
Command: [dab25f4602fdaa0bdcab361bd57e7b3f, clickElement {id=f.F048365008FC7A7B253FC209C7A64EE3.d.13927505B2AACA8A0C24912023284A2D.e.781}]
Capabilities {acceptInsecureCerts: false, browserName: chrome, browserVersion: 134.0.6998.118, chrome: {chromedriverVersion: 134.0.6998.90 (219ee74681fc..., userDataDir: C:\Users\ROHIT~1.MAT\AppDat...}, fedcm:accounts: true, goog:chromeOptions: {debuggerAddress: localhost:51367}, networkConnectionEnabled: false, pageLoadStrategy: normal, platformName: windows, proxy: Proxy(), se:cdp: ws://localhost:51367/devtoo..., se:cdpVersion: 134.0.6998.118, setWindowRect: true, strictFileInteractability: false, timeouts: {implicit: 0, pageLoad: 300000, script: 30000}, unhandledPromptBehavior: dismiss and notify, webauthn:extension:credBlob: true, webauthn:extension:largeBlob: true, webauthn:extension:minPinLength: true, webauthn:extension:prf: true, webauthn:virtualAuthenticators: true}
Element: [[ChromeDriver: chrome on windows (dab25f4602fdaa0bdcab361bd57e7b3f)] -> name: ctl00$ContentPlaceHolder1$btnGoAhead]
Session ID: dab25f4602fdaa0bdcab361bd57e7b3f
at java.base/jdk.internal.reflect.DirectConstructorHandleAccessor.newInstance(DirectConstructorHandleAccessor.java:62)
at java.base/java.lang.reflect.Constructor.newInstanceWithCaller(Constructor.java:502)
at java.base/java.lang.reflect.Constructor.newInstance(Constructor.java:486)
at org.openqa.selenium.remote.ErrorCodec.decode(ErrorCodec.java:167)
at org.openqa.selenium.remote.codec.w3c.W3CHttpResponseCodec.decode(W3CHttpResponseCodec.java:138)
at org.openqa.selenium.remote.codec.w3c.W3CHttpResponseCodec.decode(W3CHttpResponseCodec.java:50)
at org.openqa.selenium.remote.HttpCommandExecutor.execute(HttpCommandExecutor.java:190)
at org.openqa.selenium.remote.service.DriverCommandExecutor.invokeExecute(DriverCommandExecutor.java:216)
at org.openqa.selenium.remote.service.DriverCommandExecutor.execute(DriverCommandExecutor.java:174)
at org.openqa.selenium.remote.RemoteWebDriver.execute(RemoteWebDriver.java:545)
at org.openqa.selenium.remote.RemoteWebElement.execute(RemoteWebElement.java:223)
at org.openqa.selenium.remote.RemoteWebElement.click(RemoteWebElement.java:76)
at java.base/jdk.internal.reflect.DirectMethodHandleAccessor.invoke(DirectMethodHandleAccessor.java:103)
at java.base/java.lang.reflect.Method.invoke(Method.java:580)
at org.openqa.selenium.support.pagefactory.internal.LocatingElementHandler.invoke(LocatingElementHandler.java:51)
at jdk.proxy2/jdk.proxy2.$Proxy13.click(Unknown Source)
at LongTermLoan.AddLongTermLoan.btnGoAhead(AddLongTermLoan.java:390)
at LongTermLoanTest.ApproveLongTermLoanAdminTest.openLoan(ApproveLongTermLoanAdminTest.java:88)
at java.base/jdk.internal.reflect.DirectMethodHandleAccessor.invoke(DirectMethodHandleAccessor.java:103)
at java.base/java.lang.reflect.Method.invoke(Method.java:580)
at org.testng.internal.invokers.MethodInvocationHelper.invokeMethod(MethodInvocationHelper.java:141)
at org.testng.internal.invokers.TestInvoker.invokeMethod(TestInvoker.java:686)
at org.testng.internal.invokers.TestInvoker.invokeTestMethod(TestInvoker.java:230)
at org.testng.internal.invokers.MethodRunner.runInSequence(MethodRunner.java:63)
at org.testng.internal.invokers.TestInvoker$MethodInvocationAgent.invoke(TestInvoker.java:992)
at org.testng.internal.invokers.TestInvoker.invokeTestMethods(TestInvoker.java:203)
at org.testng.internal.invokers.TestMethodWorker.invokeTestMethods(TestMethodWorker.java:154)
at org.testng.internal.invokers.TestMethodWorker.run(TestMethodWorker.java:134)
at java.base/java.util.ArrayList.forEach(ArrayList.java:1597)
at org.testng.TestRunner.privateRun(TestRunner.java:739)
at org.testng.TestRunner.run(TestRunner.java:614)
at org.testng.SuiteRunner.runTest(SuiteRunner.java:421)
at org.testng.SuiteRunner.runSequentially(SuiteRunner.java:413)
at org.testng.SuiteRunner.privateRun(SuiteRunner.java:373)
at org.testng.SuiteRunner.run(SuiteRunner.java:312)
at org.testng.SuiteRunnerWorker.runSuite(SuiteRunnerWorker.java:52)
at org.testng.SuiteRunnerWorker.run(SuiteRunnerWorker.java:95)
at org.testng.TestNG.runSuitesSequentially(TestNG.java:1274)
at org.testng.TestNG.runSuitesLocally(TestNG.java:1208)
at org.testng.TestNG.runSuites(TestNG.java:1112)
at org.testng.TestNG.run(TestNG.java:1079)
at com.intellij.rt.testng.IDEARemoteTestNG.run(IDEARemoteTestNG.java:65)
at com.intellij.rt.testng.RemoteTestNGStarter.main(RemoteTestNGStarter.java:105)
]]>
                        </full-stacktrace>
                    </exception> <!-- org.openqa.selenium.TimeoutException -->
                    <reporter-output>
                    </reporter-output>
                </test-method> <!-- openLoan -->
                <test-method is-config="true"
                             signature="quit()[pri:0, instance:LongTermLoanTest.ApproveLongTermLoanAdminTest@59662a0b]"
                             started-at="2025-03-21T17:30:00 IST" name="quit" finished-at="2025-03-21T17:30:00 IST"
                             duration-ms="253" status="PASS">
                    <reporter-output>
                    </reporter-output>
                </test-method> <!-- quit -->
            </class> <!-- LongTermLoanTest.ApproveLongTermLoanAdminTest -->
            <class name="LongTermLoanTest.ApplyLongTermWithGuarantorTest">
                <test-method is-config="true"
                             signature="setup()[pri:0, instance:LongTermLoanTest.ApplyLongTermWithGuarantorTest@4efbca5a]"
                             started-at="2025-03-21T17:26:09 IST" name="setup" finished-at="2025-03-21T17:26:20 IST"
                             duration-ms="10395" status="PASS">
                    <reporter-output>
                    </reporter-output>
                </test-method> <!-- setup -->
                <test-method
                        signature="addlongtermloan()[pri:1, instance:LongTermLoanTest.ApplyLongTermWithGuarantorTest@4efbca5a]"
                        started-at="2025-03-21T17:26:20 IST" name="addlongtermloan"
                        finished-at="2025-03-21T17:26:27 IST" duration-ms="6897" status="PASS">
                    <reporter-output>
                    </reporter-output>
                </test-method> <!-- addlongtermloan -->
                <test-method
                        signature="addGuarantor()[pri:2, instance:LongTermLoanTest.ApplyLongTermWithGuarantorTest@4efbca5a]"
                        started-at="2025-03-21T17:26:27 IST" name="addGuarantor" finished-at="2025-03-21T17:26:33 IST"
                        duration-ms="6219" status="PASS">
                    <reporter-output>
                    </reporter-output>
                </test-method> <!-- addGuarantor -->
                <test-method is-config="true"
                             signature="quit()[pri:0, instance:LongTermLoanTest.ApplyLongTermWithGuarantorTest@4efbca5a]"
                             started-at="2025-03-21T17:26:33 IST" name="quit" finished-at="2025-03-21T17:26:33 IST"
                             duration-ms="222" status="PASS">
                    <reporter-output>
                    </reporter-output>
                </test-method> <!-- quit -->
            </class> <!-- LongTermLoanTest.ApplyLongTermWithGuarantorTest -->
            <class name="LongTermLoanTest.LoanGuarantorPendingToEAgreementSignedDueTest">
                <test-method is-config="true"
                             signature="setup()[pri:0, instance:LongTermLoanTest.LoanGuarantorPendingToEAgreementSignedDueTest@1b7cc17c]"
                             started-at="2025-03-21T17:26:33 IST" name="setup" finished-at="2025-03-21T17:27:40 IST"
                             duration-ms="66936" status="PASS">
                    <reporter-output>
                    </reporter-output>
                </test-method> <!-- setup -->
                <test-method
                        signature="changeGuarantorStatusToEAgreementSignedDue()[pri:1, instance:LongTermLoanTest.LoanGuarantorPendingToEAgreementSignedDueTest@1b7cc17c]"
                        started-at="2025-03-21T17:27:40 IST" name="changeGuarantorStatusToEAgreementSignedDue"
                        finished-at="2025-03-21T17:27:44 IST" duration-ms="4080" status="PASS">
                    <reporter-output>
                    </reporter-output>
                </test-method> <!-- changeGuarantorStatusToEAgreementSignedDue -->
                <test-method
                        signature="changeLoanStatusToEAgreementSignedDue()[pri:2, instance:LongTermLoanTest.LoanGuarantorPendingToEAgreementSignedDueTest@1b7cc17c]"
                        started-at="2025-03-21T17:27:44 IST" name="changeLoanStatusToEAgreementSignedDue"
                        finished-at="2025-03-21T17:27:49 IST" duration-ms="4659" status="PASS">
                    <reporter-output>
                    </reporter-output>
                </test-method> <!-- changeLoanStatusToEAgreementSignedDue -->
                <test-method is-config="true"
                             signature="quit()[pri:0, instance:LongTermLoanTest.LoanGuarantorPendingToEAgreementSignedDueTest@1b7cc17c]"
                             started-at="2025-03-21T17:27:49 IST" name="quit" finished-at="2025-03-21T17:27:49 IST"
                             duration-ms="292" status="PASS">
                    <reporter-output>
                    </reporter-output>
                </test-method> <!-- quit -->
            </class> <!-- LongTermLoanTest.LoanGuarantorPendingToEAgreementSignedDueTest -->
        </test> <!-- Long Term Loan Apply and approve with guarantor -->
    </suite> <!-- Apply and Approve All Loan -->
</testng-results>
