<?xml version="1.0" encoding="UTF-8"?>
<!-- Generated by org.testng.reporters.JUnitReportReporter -->
<testsuite hostname="ROHIT-PC" failures="0" tests="2"
           name="LongTermLoanTest.LoanGuarantorPendingToEAgreementSignedDueTest" time="8.739" errors="0"
           timestamp="2025-03-21T17:30:01 IST" skipped="0">
    <testcase classname="LongTermLoanTest.LoanGuarantorPendingToEAgreementSignedDueTest"
              name="changeGuarantorStatusToEAgreementSignedDue" time="4.080"/>
    <testcase classname="LongTermLoanTest.LoanGuarantorPendingToEAgreementSignedDueTest"
              name="changeLoanStatusToEAgreementSignedDue" time="4.659"/>
</testsuite> <!-- LongTermLoanTest.LoanGuarantorPendingToEAgreementSignedDueTest -->
