<?xml version="1.0" encoding="UTF-8"?>
<!-- Generated by org.testng.reporters.JUnitReportReporter -->
<testsuite hostname="ROHIT-PC" failures="0" tests="3" name="CMSLoanTest.ApplyCMSLoanWithGuarantorTest" time="9.783"
           errors="0" timestamp="2025-03-20T12:21:48 IST" skipped="0">
    <testcase classname="CMSLoanTest.ApplyCMSLoanWithGuarantorTest" name="goToLoanPage" time="0.130"/>
    <testcase classname="CMSLoanTest.ApplyCMSLoanWithGuarantorTest" name="applyLoan" time="4.345"/>
    <testcase classname="CMSLoanTest.ApplyCMSLoanWithGuarantorTest" name="addGuarantor" time="5.308"/>
</testsuite> <!-- CMSLoanTest.ApplyCMSLoanWithGuarantorTest -->
