<?xml version="1.0" encoding="UTF-8"?>
<!-- Generated by org.testng.reporters.JUnitReportReporter -->
<testsuite hostname="ROHIT-PC" failures="0" tests="2" name="LongTermLoanTest.ApplyLongTermWithGuarantorTest"
           time="10.568" errors="0" timestamp="2025-03-17T17:42:57 IST" skipped="0">
    <testcase classname="LongTermLoanTest.ApplyLongTermWithGuarantorTest" name="addlongtermloan" time="5.879"/>
    <testcase classname="LongTermLoanTest.ApplyLongTermWithGuarantorTest" name="addGuarantor" time="4.689"/>
</testsuite> <!-- LongTermLoanTest.ApplyLongTermWithGuarantorTest -->
