<?xml version="1.0" encoding="UTF-8"?>
<!-- Generated by org.testng.reporters.JUnitReportReporter -->
<testsuite hostname="ROHIT-PC" failures="0" tests="2"
           name="OtherProductLoanTest.LoanGuarantorPendingToEAgreementSignedDueTest" time="7.989" errors="0"
           timestamp="2025-03-21T17:30:01 IST" skipped="0">
    <testcase classname="OtherProductLoanTest.LoanGuarantorPendingToEAgreementSignedDueTest"
              name="changeGuarantorStatusToEAgreementSignedDue" time="3.737"/>
    <testcase classname="OtherProductLoanTest.LoanGuarantorPendingToEAgreementSignedDueTest"
              name="changeLoanStatusToEAgreementSignedDue" time="4.252"/>
</testsuite> <!-- OtherProductLoanTest.LoanGuarantorPendingToEAgreementSignedDueTest -->
