<?xml version="1.0" encoding="UTF-8"?>
<!-- Generated by org.testng.reporters.JUnitReportReporter -->
<testsuite hostname="ROHIT-PC" failures="0" tests="2" name="OtherProductLoanTest.ApplyOtherProductWithGuarantorTest"
           time="10.747" errors="0" timestamp="2025-03-20T12:21:48 IST" skipped="0">
    <testcase classname="OtherProductLoanTest.ApplyOtherProductWithGuarantorTest" name="addlongtermloan" time="5.717"/>
    <testcase classname="OtherProductLoanTest.ApplyOtherProductWithGuarantorTest" name="addGuarantor" time="5.030"/>
</testsuite> <!-- OtherProductLoanTest.ApplyOtherProductWithGuarantorTest -->
