<?xml version="1.0" encoding="UTF-8"?>
<!-- Generated by org.testng.reporters.JUnitReportReporter -->
<testsuite hostname="ROHIT-PC" failures="0" tests="2" name="LongTermLoanTest.ApplyLongTermWithGuarantorTest"
           time="11.048" errors="0" timestamp="2025-03-20T12:21:48 IST" skipped="0">
    <testcase classname="LongTermLoanTest.ApplyLongTermWithGuarantorTest" name="addlongtermloan" time="5.809"/>
    <testcase classname="LongTermLoanTest.ApplyLongTermWithGuarantorTest" name="addGuarantor" time="5.239"/>
</testsuite> <!-- LongTermLoanTest.ApplyLongTermWithGuarantorTest -->
