<?xml version="1.0" encoding="UTF-8"?>
<!-- Generated by org.testng.reporters.JUnitReportReporter -->
<testsuite hostname="ROHIT-PC" failures="0" tests="3" name="ShortTermLoanTest.ApplyShortTermLoanWithGuarantorTest"
           time="10.147" errors="0" timestamp="2025-03-17T15:20:17 IST" skipped="0">
    <testcase classname="ShortTermLoanTest.ApplyShortTermLoanWithGuarantorTest" name="goToLoanPage" time="0.619"/>
    <testcase classname="ShortTermLoanTest.ApplyShortTermLoanWithGuarantorTest" name="applyLoan" time="4.432"/>
    <testcase classname="ShortTermLoanTest.ApplyShortTermLoanWithGuarantorTest" name="addGuarantor" time="5.096"/>
</testsuite> <!-- ShortTermLoanTest.ApplyShortTermLoanWithGuarantorTest -->
