<?xml version="1.0" encoding="UTF-8"?>
<!-- Generated by org.testng.reporters.JUnitReportReporter -->
<testsuite hostname="ROHIT-PC" failures="0" tests="3" name="CMSLoanTest.ApplyCMSLoanWithGuarantorTest" time="8.816"
           errors="0" timestamp="2025-03-17T14:22:49 IST" skipped="0">
    <testcase classname="CMSLoanTest.ApplyCMSLoanWithGuarantorTest" name="goToLoanPage" time="0.182"/>
    <testcase classname="CMSLoanTest.ApplyCMSLoanWithGuarantorTest" name="applyLoan" time="3.896"/>
    <testcase classname="CMSLoanTest.ApplyCMSLoanWithGuarantorTest" name="addGuarantor" time="4.738"/>
</testsuite> <!-- CMSLoanTest.ApplyCMSLoanWithGuarantorTest -->
