<?xml version="1.0" encoding="UTF-8"?>
<!-- Generated by org.testng.reporters.JUnitReportReporter -->
<testsuite hostname="ROHIT-PC" failures="0" tests="2" name="CMSLoanTest.LoanGuarantorPendingToEAgreementSignedDueTest"
           time="7.211" errors="0" timestamp="2025-03-21T17:30:01 IST" skipped="0">
    <testcase classname="CMSLoanTest.LoanGuarantorPendingToEAgreementSignedDueTest"
              name="changeGuarantorStatusToEAgreementSignedDue" time="3.529"/>
    <testcase classname="CMSLoanTest.LoanGuarantorPendingToEAgreementSignedDueTest"
              name="changeLoanStatusToEAgreementSignedDue" time="3.682"/>
</testsuite> <!-- CMSLoanTest.LoanGuarantorPendingToEAgreementSignedDueTest -->
