<?xml version="1.0" encoding="UTF-8"?>
<!-- Generated by org.testng.reporters.JUnitReportReporter -->
<testsuite hostname="ROHIT-PC" failures="0" tests="3" name="ShortTermLoanTest.ApplyShortTermLoanWithGuarantorTest"
           time="9.950" errors="0" timestamp="2025-03-17T14:54:08 IST" skipped="0">
    <testcase classname="ShortTermLoanTest.ApplyShortTermLoanWithGuarantorTest" name="goToLoanPage" time="0.630"/>
    <testcase classname="ShortTermLoanTest.ApplyShortTermLoanWithGuarantorTest" name="applyLoan" time="4.540"/>
    <testcase classname="ShortTermLoanTest.ApplyShortTermLoanWithGuarantorTest" name="addGuarantor" time="4.780"/>
</testsuite> <!-- ShortTermLoanTest.ApplyShortTermLoanWithGuarantorTest -->
