<?xml version="1.0" encoding="UTF-8"?>
<!-- Generated by org.testng.reporters.JUnitReportReporter -->
<testsuite hostname="ROHIT-PC" failures="0" tests="2" name="WeekendLoanTest.ApplyWeekendLoanWithGuarantorTest"
           time="10.587" errors="0" timestamp="2025-03-21T17:30:01 IST" skipped="0">
    <testcase classname="WeekendLoanTest.ApplyWeekendLoanWithGuarantorTest" name="goToLoanPage" time="0.143"/>
    <testcase classname="WeekendLoanTest.ApplyWeekendLoanWithGuarantorTest" name="applyLoan" time="10.444"/>
</testsuite> <!-- WeekendLoanTest.ApplyWeekendLoanWithGuarantorTest -->
