<?xml version="1.0" encoding="UTF-8"?>
<!-- Generated by org.testng.reporters.JUnitReportReporter -->
<testsuite hostname="ROHIT-PC" failures="0" tests="2" name="WeekendLoanTest.ApplyWeekendLoanWithGuarantorTest"
           time="10.052" errors="0" timestamp="2025-03-20T11:57:51 IST" skipped="0">
    <testcase classname="WeekendLoanTest.ApplyWeekendLoanWithGuarantorTest" name="goToLoanPage" time="0.202"/>
    <testcase classname="WeekendLoanTest.ApplyWeekendLoanWithGuarantorTest" name="applyLoan" time="9.850"/>
</testsuite> <!-- WeekendLoanTest.ApplyWeekendLoanWithGuarantorTest -->
