<?xml version="1.0" encoding="UTF-8"?>
<!-- Generated by org.testng.reporters.JUnitReportReporter -->
<testsuite hostname="ROHIT-PC" failures="0" tests="2" name="OtherProductLoanTest.ApplyOtherProductWithGuarantorTest"
           time="10.109" errors="0" timestamp="2025-03-17T17:42:57 IST" skipped="0">
    <testcase classname="OtherProductLoanTest.ApplyOtherProductWithGuarantorTest" name="addlongtermloan" time="5.245"/>
    <testcase classname="OtherProductLoanTest.ApplyOtherProductWithGuarantorTest" name="addGuarantor" time="4.864"/>
</testsuite> <!-- OtherProductLoanTest.ApplyOtherProductWithGuarantorTest -->
