<?xml version="1.0" encoding="UTF-8"?>
<!-- Generated by org.testng.reporters.JUnitReportReporter -->
<testsuite hostname="ROHIT-PC" failures="0" tests="2"
           name="ShortTermLoanTest.LoanGuarantorPendingToEAgreementSignedDueTest" time="8.541" errors="0"
           timestamp="2025-03-21T17:30:01 IST" skipped="0">
    <testcase classname="ShortTermLoanTest.LoanGuarantorPendingToEAgreementSignedDueTest"
              name="changeGuarantorStatusToEAgreementSignedDue" time="4.070"/>
    <testcase classname="ShortTermLoanTest.LoanGuarantorPendingToEAgreementSignedDueTest"
              name="changeLoanStatusToEAgreementSignedDue" time="4.471"/>
</testsuite> <!-- ShortTermLoanTest.LoanGuarantorPendingToEAgreementSignedDueTest -->
