<?xml version="1.0" encoding="UTF-8"?>
<!-- Generated by org.testng.reporters.JUnitReportReporter -->
<testsuite hostname="ROHIT-PC" failures="0" tests="2"
           name="WeekendLoanTest.LoanGuarantorPendingToEAgreementSignedDueTest" time="8.319" errors="0"
           timestamp="2025-03-21T17:30:01 IST" skipped="0">
    <testcase classname="WeekendLoanTest.LoanGuarantorPendingToEAgreementSignedDueTest"
              name="changeGuarantorStatusToEAgreementSignedDue" time="4.896"/>
    <testcase classname="WeekendLoanTest.LoanGuarantorPendingToEAgreementSignedDueTest"
              name="changeLoanStatusToEAgreementSignedDue" time="3.423"/>
</testsuite> <!-- WeekendLoanTest.LoanGuarantorPendingToEAgreementSignedDueTest -->
