<?xml version="1.0" encoding="UTF-8"?>
<!-- Generated by org.testng.reporters.JUnitXMLReporter -->
<testsuite ignored="0" hostname="ROHIT-PC" failures="1" tests="3" name="CMS Loan approve with guarantor" time="219.225"
           errors="0" timestamp="2025-03-20T14:47:32 IST">
    <testcase classname="CMSLoanTest.LoanGuarantorPendingToEAgreementSignedDueTest"
              name="changeGuarantorStatusToEAgreementSignedDue" time="2.849"/>
    <testcase classname="CMSLoanTest.LoanGuarantorPendingToEAgreementSignedDueTest"
              name="changeLoanStatusToEAgreementSignedDue" time="0.844"/>
    <testcase classname="CMSLoanTest.ApproveCMSLoanAdminTest" name="openLoan" time="10.474">
        <failure type="org.openqa.selenium.NoSuchElementException" message="Cannot locate option with text: --All--
For documentation on this error, please visit: https://www.selenium.dev/documentation/webdriver/troubleshooting/errors#no-such-element-exception
Build info: version: &amp;apos;4.25.0&amp;apos;, revision: &amp;apos;8a8aea2337&amp;apos;
System info: os.name: &amp;apos;Windows 10&amp;apos;, os.arch: &amp;apos;amd64&amp;apos;, os.version: &amp;apos;10.0&amp;apos;, java.version: &amp;apos;22.0.1&amp;apos;
Driver info: driver.version: unknown">
            <![CDATA[org.openqa.selenium.NoSuchElementException: Cannot locate option with text: --All--
For documentation on this error, please visit: https://www.selenium.dev/documentation/webdriver/troubleshooting/errors#no-such-element-exception
Build info: version: '4.25.0', revision: '8a8aea2337'
System info: os.name: 'Windows 10', os.arch: 'amd64', os.version: '10.0', java.version: '22.0.1'
Driver info: driver.version: unknown
at org.openqa.selenium.support.ui.Select.selectByVisibleText(Select.java:153)
at CMSLoan.CMSLoanResultPage.selectLoanStatus(CMSLoanResultPage.java:70)
at CMSLoanTest.ApproveCMSLoanAdminTest.openLoan(ApproveCMSLoanAdminTest.java:76)
at java.base/java.util.ArrayList.forEach(ArrayList.java:1597)
at com.intellij.rt.testng.IDEARemoteTestNG.run(IDEARemoteTestNG.java:65)
at com.intellij.rt.testng.RemoteTestNGStarter.main(RemoteTestNGStarter.java:105)
... Removed 22 stack frames]]>
        </failure>
    </testcase> <!-- openLoan -->
</testsuite> <!-- CMS Loan approve with guarantor -->
